MPS available. Training on GPU.
Done with epoch {}: 0; Loss: -19330.4
Done with epoch {}: 1; Loss: -18351.9
Done with epoch {}: 2; Loss: -19281.2
Done with epoch {}: 3; Loss: -19126.9
Done with epoch {}: 4; Loss: -18834.1
Done with epoch {}: 5; Loss: -18946.9
Done with epoch {}: 6; Loss: -19176.8
Done with epoch {}: 7; Loss: -19295.9
Done with epoch {}: 8; Loss: -19268.6
Done with epoch {}: 9; Loss: -19172.8
Done with epoch {}: 10; Loss: -19105.6
Done with epoch {}: 11; Loss: -19111.8
Done with epoch {}: 12; Loss: -19173.6
Done with epoch {}: 13; Loss: -19245.1
Done with epoch {}: 14; Loss: -19286.8
Done with epoch {}: 15; Loss: -19284.7
Done with epoch {}: 16; Loss: -19253.1
Done with epoch {}: 17; Loss: -19222.3
Done with epoch {}: 18; Loss: -19217.4
Done with epoch {}: 19; Loss: -19241.5
Done with epoch {}: 20; Loss: -19277.7
Done with epoch {}: 21; Loss: -19303.5
Done with epoch {}: 22; Loss: -19306.5
Done with epoch {}: 23; Loss: -19291.4
Done with epoch {}: 24; Loss: -19274.5
Done with epoch {}: 25; Loss: -19270.9
Done with epoch {}: 26; Loss: -19283.8
Done with epoch {}: 27; Loss: -19302.8
Done with epoch {}: 28; Loss: -19314
Done with epoch {}: 29; Loss: -19310.9
Done with epoch {}: 30; Loss: -19299.6
Done with epoch {}: 31; Loss: -19292.5
Done with epoch {}: 32; Loss: -19296.4
Done with epoch {}: 33; Loss: -19307.5
Done with epoch {}: 34; Loss: -19316.7
Done with epoch {}: 35; Loss: -19317.9
Done with epoch {}: 36; Loss: -19313.5
Done with epoch {}: 37; Loss: -19310.5
Done with epoch {}: 38; Loss: -19313.7
Done with epoch {}: 39; Loss: -19321.1
Done with epoch {}: 40; Loss: -19326.7
Done with epoch {}: 41; Loss: -19326.6
Done with epoch {}: 42; Loss: -19323.3
Done with epoch {}: 43; Loss: -19322.2
Done with epoch {}: 44; Loss: -19325.5
Done with epoch {}: 45; Loss: -19330.3
Done with epoch {}: 46; Loss: -19332.3
Done with epoch {}: 47; Loss: -19330.9
Done with epoch {}: 48; Loss: -19329.5
Done with epoch {}: 49; Loss: -19330.8
Done with epoch {}: 50; Loss: -19334
Done with epoch {}: 51; Loss: -19336.2
Done with epoch {}: 52; Loss: -19335.8
Done with epoch {}: 53; Loss: -19334.8
Done with epoch {}: 54; Loss: -19335.4
Done with epoch {}: 55; Loss: -19337.5
Done with epoch {}: 56; Loss: -19338.8
Done with epoch {}: 57; Loss: -19338.2
Done with epoch {}: 58; Loss: -19337.6
Done with epoch {}: 59; Loss: -19338.3
Done with epoch {}: 60; Loss: -19339.5
Done with epoch {}: 61; Loss: -19339.5
Done with epoch {}: 62; Loss: -19338.8
Done with epoch {}: 63; Loss: -19339
Done with epoch {}: 64; Loss: -19339.9
Done with epoch {}: 65; Loss: -19340.2
Done with epoch {}: 66; Loss: -19339.6
Done with epoch {}: 67; Loss: -19339.5
Done with epoch {}: 68; Loss: -19340.1
Done with epoch {}: 69; Loss: -19340.4
Done with epoch {}: 70; Loss: -19340
Done with epoch {}: 71; Loss: -19339.8
Done with epoch {}: 72; Loss: -19340.1
Done with epoch {}: 73; Loss: -19340.3
Done with epoch {}: 74; Loss: -19340.1
Done with epoch {}: 75; Loss: -19339.9
Done with epoch {}: 76; Loss: -19340.2
Done with epoch {}: 77; Loss: -19340.3
Done with epoch {}: 78; Loss: -19340.1
Done with epoch {}: 79; Loss: -19340
Done with epoch {}: 80; Loss: -19340.2
Done with epoch {}: 81; Loss: -19340.3
Done with epoch {}: 82; Loss: -19340.2
Done with epoch {}: 83; Loss: -19340.2
Done with epoch {}: 84; Loss: -19340.3
Done with epoch {}: 85; Loss: -19340.4
Done with epoch {}: 86; Loss: -19340.3
Done with epoch {}: 87; Loss: -19340.3
Done with epoch {}: 88; Loss: -19340.4
Done with epoch {}: 89; Loss: -19340.4
Done with epoch {}: 90; Loss: -19340.4
Done with epoch {}: 91; Loss: -19340.4
Done with epoch {}: 92; Loss: -19340.5
Done with epoch {}: 93; Loss: -19340.5
Done with epoch {}: 94; Loss: -19340.5
Done with epoch {}: 95; Loss: -19340.5
Done with epoch {}: 96; Loss: -19340.5
Done with epoch {}: 97; Loss: -19340.5
Breaking at epoch {}: 98; Loss: -19340.5
Final Returns loss: -13090
[ MPSFloatType{} ]
Final RV loss: -6250.53
[ MPSFloatType{} ]
Final loss: -19340.6
[ MPSFloatType{} ]
omega: -0.329778
[ MPSFloatType{} ]
beta: 0.964948
[ MPSFloatType{} ]
phi: 1.0353
[ MPSFloatType{} ]
sigma: 0.509684
[ MPSFloatType{} ]
lamda: 0.0209964
[ MPSFloatType{} ]
gamma: 0.241299
[ MPSFloatType{} ]
xi: -0.101868
[ MPSFloatType{} ]
d1: -0.102804
[ MPSFloatType{} ]
d2: 0.117092
[ MPSFloatType{} ]
t1: -0.175659
[ MPSFloatType{} ]
t2: 0.0371981
[ MPSFloatType{} ]
Done with pricing
OptionPrice  ModelPrice   ImpliedVol   ModelImpVol  
------------------------------------------------
30.3000      20.0044      0.2087       0.1498       
27.3500      16.7187      0.2167       0.1539       
2.5750       0.3629       0.3287       0.2406       
5.9500       2.1869       0.1612       0.1204       
1.5500       0.1283       0.3619       0.2607       
4.7000       1.0083       0.3016       0.2206       
47.2500      33.1436      0.2143       0.1526       
16.9000      6.5236       0.2736       0.1970       
44.7000      31.0899      0.2141       0.1544       
7.2000       1.5068       0.3242       0.2333       
39.8500      25.6057      0.2240       0.1598       
26.2500      13.0285      0.2502       0.1780       
19.3000      6.0726       0.2964       0.2057       
22.4000      8.1605       0.2828       0.1976       
52.4500      33.6819      0.2277       0.1587       
13.3000      3.3272       0.3158       0.2218       
6.9500       0.8688       0.3656       0.2510       
4.9500       1.4570       0.1587       0.1215       
17.5500      4.0571       0.3274       0.2234       
21.0500      5.2872       0.3220       0.2169       
69.9500      46.3684      0.2332       0.1626       
40.8500      18.6153      0.2707       0.1857       
23.9500      6.8824       0.3111       0.2107       
27.3500      8.9270       0.3007       0.2046       
32.7500      8.7328       0.3200       0.2087       
56.1000      25.6248      0.2776       0.1864       
26.2000      5.4793       0.3375       0.2184       
93.9000      64.7109      0.2359       0.1664       
42.8000      25.1642      0.1988       0.1514       
61.7000      31.2399      0.2676       0.1823       
44.1000      13.2165      0.3092       0.2000       
113.2500     78.7008      0.2388       0.1680       
91.1000      61.5190      0.2242       0.1637       
94.0500      58.2207      0.2513       0.1744       
36.3000      8.5332       0.3253       0.2071       
26.7500      18.9402      0.1898       0.1427       
20.1000      12.6751      0.2002       0.1516       
17.8000      10.3153      0.2083       0.1561       
13.1000      6.1190       0.2272       0.1677       
6.2000       2.9557       0.1526       0.1201       
25           17.8228      0.1792       0.1361       
41.8500      30.9094      0.1985       0.1494       
4.9000       0.8874       0.3244       0.2370       
9.5500       3.0236       0.2838       0.2110       
30.3000      18.9706      0.2177       0.1623       
1.2750       0.2913       0.1410       0.1137       
13.8000      4.6930       0.2856       0.2113       
42.5000      27.2902      0.2206       0.1619       
2.6000       0.7909       0.1456       0.1173       
47.6000      33.7087      0.2011       0.1501       
Approx IVRMSE: 0.02495
[ MPSFloatType{} ]
IVRMSE: 0.02767
[ MPSFloatType{} ]
Done!