MPS available. Training on GPU.
Done with epoch {}: 0; Loss: 1616.77
Done with epoch {}: 1; Loss: 1694.5
Done with epoch {}: 2; Loss: 1120.42
Done with epoch {}: 3; Loss: 862.968
Done with epoch {}: 4; Loss: 916.635
Done with epoch {}: 5; Loss: 836.754
Done with epoch {}: 6; Loss: 656.562
Done with epoch {}: 7; Loss: 551.436
Done with epoch {}: 8; Loss: 559.717
Done with epoch {}: 9; Loss: 596.182
Done with epoch {}: 10; Loss: 583.977
Done with epoch {}: 11; Loss: 529.675
Done with epoch {}: 12; Loss: 484.306
Done with epoch {}: 13; Loss: 479.183
Done with epoch {}: 14; Loss: 498.75
Done with epoch {}: 15; Loss: 502.797
Done with epoch {}: 16; Loss: 472.667
Done with epoch {}: 17; Loss: 427.108
Done with epoch {}: 18; Loss: 395.424
Done with epoch {}: 19; Loss: 385.587
Done with epoch {}: 20; Loss: 379.662
Done with epoch {}: 21; Loss: 357.408
Done with epoch {}: 22; Loss: 319.339
Done with epoch {}: 23; Loss: 283.299
Done with epoch {}: 24; Loss: 262.742
Done with epoch {}: 25; Loss: 252.337
Done with epoch {}: 26; Loss: 236.591
Done with epoch {}: 27; Loss: 209.865
Done with epoch {}: 28; Loss: 181.751
Done with epoch {}: 29; Loss: 163.036
Done with epoch {}: 30; Loss: 152.167
Done with epoch {}: 31; Loss: 138.615
Done with epoch {}: 32; Loss: 117.224
Done with epoch {}: 33; Loss: 93.9331
Done with epoch {}: 34; Loss: 76.616
Done with epoch {}: 35; Loss: 64.4453
Done with epoch {}: 36; Loss: 50.0691
Done with epoch {}: 37; Loss: 30.4641
Done with epoch {}: 38; Loss: 10.6904
Done with epoch {}: 39; Loss: -4.42236
Done with epoch {}: 40; Loss: -17.5237
Done with epoch {}: 41; Loss: -33.9944
Done with epoch {}: 42; Loss: -53.5132
Done with epoch {}: 43; Loss: -71.197
Done with epoch {}: 44; Loss: -86.0352
Done with epoch {}: 45; Loss: -102.092
Done with epoch {}: 46; Loss: -120.953
Done with epoch {}: 47; Loss: -139.035
Done with epoch {}: 48; Loss: -154.412
Done with epoch {}: 49; Loss: -169.883
Done with epoch {}: 50; Loss: -187.234
Done with epoch {}: 51; Loss: -204.055
Done with epoch {}: 52; Loss: -218.889
Done with epoch {}: 53; Loss: -233.997
Done with epoch {}: 54; Loss: -250.624
Done with epoch {}: 55; Loss: -266.876
Done with epoch {}: 56; Loss: -282.005
Done with epoch {}: 57; Loss: -297.759
Done with epoch {}: 58; Loss: -314.53
Done with epoch {}: 59; Loss: -330.757
Done with epoch {}: 60; Loss: -346.318
Done with epoch {}: 61; Loss: -362.483
Done with epoch {}: 62; Loss: -379.028
Done with epoch {}: 63; Loss: -394.903
Done with epoch {}: 64; Loss: -410.51
Done with epoch {}: 65; Loss: -426.626
Done with epoch {}: 66; Loss: -442.742
Done with epoch {}: 67; Loss: -458.374
Done with epoch {}: 68; Loss: -474.106
Done with epoch {}: 69; Loss: -490.192
Done with epoch {}: 70; Loss: -506.085
Done with epoch {}: 71; Loss: -521.742
Done with epoch {}: 72; Loss: -537.627
Done with epoch {}: 73; Loss: -553.609
Done with epoch {}: 74; Loss: -569.353
Done with epoch {}: 75; Loss: -585.06
Done with epoch {}: 76; Loss: -600.958
Done with epoch {}: 77; Loss: -616.79
Done with epoch {}: 78; Loss: -632.482
Done with epoch {}: 79; Loss: -648.271
Done with epoch {}: 80; Loss: -664.131
Done with epoch {}: 81; Loss: -679.879
Done with epoch {}: 82; Loss: -695.604
Done with epoch {}: 83; Loss: -711.41
Done with epoch {}: 84; Loss: -727.18
Done with epoch {}: 85; Loss: -742.865
Done with epoch {}: 86; Loss: -758.587
Done with epoch {}: 87; Loss: -774.333
Done with epoch {}: 88; Loss: -790.02
Done with epoch {}: 89; Loss: -805.696
Done with epoch {}: 90; Loss: -821.417
Done with epoch {}: 91; Loss: -837.109
Done with epoch {}: 92; Loss: -852.775
Done with epoch {}: 93; Loss: -868.461
Done with epoch {}: 94; Loss: -884.149
Done with epoch {}: 95; Loss: -899.799
Done with epoch {}: 96; Loss: -915.453
Done with epoch {}: 97; Loss: -931.113
Done with epoch {}: 98; Loss: -946.746
Done with epoch {}: 99; Loss: -962.368
Done with epoch {}: 100; Loss: -978.002
Done with epoch {}: 101; Loss: -993.614
Done with epoch {}: 102; Loss: -1009.22
Done with epoch {}: 103; Loss: -1024.83
Done with epoch {}: 104; Loss: -1040.42
Done with epoch {}: 105; Loss: -1056.01
Done with epoch {}: 106; Loss: -1071.59
Done with epoch {}: 107; Loss: -1087.16
Done with epoch {}: 108; Loss: -1102.72
Done with epoch {}: 109; Loss: -1118.28
Done with epoch {}: 110; Loss: -1133.84
Done with epoch {}: 111; Loss: -1149.38
Done with epoch {}: 112; Loss: -1164.92
Done with epoch {}: 113; Loss: -1180.45
Done with epoch {}: 114; Loss: -1195.98
Done with epoch {}: 115; Loss: -1211.49
Done with epoch {}: 116; Loss: -1227
Done with epoch {}: 117; Loss: -1242.5
Done with epoch {}: 118; Loss: -1257.99
Done with epoch {}: 119; Loss: -1273.47
Done with epoch {}: 120; Loss: -1288.95
Done with epoch {}: 121; Loss: -1304.42
Done with epoch {}: 122; Loss: -1319.89
Done with epoch {}: 123; Loss: -1335.35
Done with epoch {}: 124; Loss: -1350.79
Done with epoch {}: 125; Loss: -1366.24
Done with epoch {}: 126; Loss: -1381.67
Done with epoch {}: 127; Loss: -1397.1
Done with epoch {}: 128; Loss: -1412.52
Done with epoch {}: 129; Loss: -1427.93
Done with epoch {}: 130; Loss: -1443.33
Done with epoch {}: 131; Loss: -1458.73
Done with epoch {}: 132; Loss: -1474.12
Done with epoch {}: 133; Loss: -1489.51
Done with epoch {}: 134; Loss: -1504.88
Done with epoch {}: 135; Loss: -1520.25
Done with epoch {}: 136; Loss: -1535.61
Done with epoch {}: 137; Loss: -1550.96
Done with epoch {}: 138; Loss: -1566.31
Done with epoch {}: 139; Loss: -1581.65
Done with epoch {}: 140; Loss: -1596.98
Done with epoch {}: 141; Loss: -1612.3
Done with epoch {}: 142; Loss: -1627.61
Done with epoch {}: 143; Loss: -1642.92
Done with epoch {}: 144; Loss: -1658.22
Done with epoch {}: 145; Loss: -1673.52
Done with epoch {}: 146; Loss: -1688.8
Done with epoch {}: 147; Loss: -1704.08
Done with epoch {}: 148; Loss: -1719.35
Done with epoch {}: 149; Loss: -1734.61
Done with epoch {}: 150; Loss: -1749.87
Done with epoch {}: 151; Loss: -1765.12
Done with epoch {}: 152; Loss: -1780.36
Done with epoch {}: 153; Loss: -1795.59
Done with epoch {}: 154; Loss: -1810.82
Done with epoch {}: 155; Loss: -1826.04
Done with epoch {}: 156; Loss: -1841.25
Done with epoch {}: 157; Loss: -1856.45
Done with epoch {}: 158; Loss: -1871.65
Done with epoch {}: 159; Loss: -1886.83
Done with epoch {}: 160; Loss: -1902.02
Done with epoch {}: 161; Loss: -1917.19
Done with epoch {}: 162; Loss: -1932.35
Done with epoch {}: 163; Loss: -1947.51
Done with epoch {}: 164; Loss: -1962.66
Done with epoch {}: 165; Loss: -1977.8
Done with epoch {}: 166; Loss: -1992.94
Done with epoch {}: 167; Loss: -2008.07
Done with epoch {}: 168; Loss: -2023.19
Done with epoch {}: 169; Loss: -2038.3
Done with epoch {}: 170; Loss: -2053.41
Done with epoch {}: 171; Loss: -2068.5
Done with epoch {}: 172; Loss: -2083.59
Done with epoch {}: 173; Loss: -2098.68
Done with epoch {}: 174; Loss: -2113.75
Done with epoch {}: 175; Loss: -2128.82
Done with epoch {}: 176; Loss: -2143.88
Done with epoch {}: 177; Loss: -2158.93
Done with epoch {}: 178; Loss: -2173.97
Done with epoch {}: 179; Loss: -2189.01
Done with epoch {}: 180; Loss: -2204.04
Done with epoch {}: 181; Loss: -2219.06
Done with epoch {}: 182; Loss: -2234.08
Done with epoch {}: 183; Loss: -2249.09
Done with epoch {}: 184; Loss: -2264.08
Done with epoch {}: 185; Loss: -2279.08
Done with epoch {}: 186; Loss: -2294.06
Done with epoch {}: 187; Loss: -2309.04
Done with epoch {}: 188; Loss: -2324.01
Done with epoch {}: 189; Loss: -2338.97
Done with epoch {}: 190; Loss: -2353.92
Done with epoch {}: 191; Loss: -2368.87
Done with epoch {}: 192; Loss: -2383.8
Done with epoch {}: 193; Loss: -2398.74
Done with epoch {}: 194; Loss: -2413.66
Done with epoch {}: 195; Loss: -2428.58
Done with epoch {}: 196; Loss: -2443.48
Done with epoch {}: 197; Loss: -2458.38
Done with epoch {}: 198; Loss: -2473.27
Done with epoch {}: 199; Loss: -2488.16
Done with epoch {}: 200; Loss: -2503.04
Done with epoch {}: 201; Loss: -2517.9
Done with epoch {}: 202; Loss: -2532.77
Done with epoch {}: 203; Loss: -2547.62
Done with epoch {}: 204; Loss: -2562.47
Done with epoch {}: 205; Loss: -2577.31
Done with epoch {}: 206; Loss: -2592.14
Done with epoch {}: 207; Loss: -2606.96
Done with epoch {}: 208; Loss: -2621.78
Done with epoch {}: 209; Loss: -2636.59
Done with epoch {}: 210; Loss: -2651.39
Done with epoch {}: 211; Loss: -2666.18
Done with epoch {}: 212; Loss: -2680.96
Done with epoch {}: 213; Loss: -2695.74
Done with epoch {}: 214; Loss: -2710.51
Done with epoch {}: 215; Loss: -2725.27
Done with epoch {}: 216; Loss: -2740.03
Done with epoch {}: 217; Loss: -2754.78
Done with epoch {}: 218; Loss: -2769.52
Done with epoch {}: 219; Loss: -2784.25
Done with epoch {}: 220; Loss: -2798.98
Done with epoch {}: 221; Loss: -2813.69
Done with epoch {}: 222; Loss: -2828.4
Done with epoch {}: 223; Loss: -2843.1
Done with epoch {}: 224; Loss: -2857.8
Done with epoch {}: 225; Loss: -2872.48
Done with epoch {}: 226; Loss: -2887.16
Done with epoch {}: 227; Loss: -2901.83
Done with epoch {}: 228; Loss: -2916.5
Done with epoch {}: 229; Loss: -2931.15
Done with epoch {}: 230; Loss: -2945.8
Done with epoch {}: 231; Loss: -2960.44
Done with epoch {}: 232; Loss: -2975.07
Done with epoch {}: 233; Loss: -2989.7
Done with epoch {}: 234; Loss: -3004.31
Done with epoch {}: 235; Loss: -3018.92
Done with epoch {}: 236; Loss: -3033.53
Done with epoch {}: 237; Loss: -3048.12
Done with epoch {}: 238; Loss: -3062.7
Done with epoch {}: 239; Loss: -3077.28
Done with epoch {}: 240; Loss: -3091.85
Done with epoch {}: 241; Loss: -3106.42
Done with epoch {}: 242; Loss: -3120.98
Done with epoch {}: 243; Loss: -3135.52
Done with epoch {}: 244; Loss: -3150.06
Done with epoch {}: 245; Loss: -3164.6
Done with epoch {}: 246; Loss: -3179.12
Done with epoch {}: 247; Loss: -3193.64
Done with epoch {}: 248; Loss: -3208.15
Done with epoch {}: 249; Loss: -3222.65
Done with epoch {}: 250; Loss: -3237.15
Done with epoch {}: 251; Loss: -3251.63
Done with epoch {}: 252; Loss: -3266.11
Done with epoch {}: 253; Loss: -3280.58
Done with epoch {}: 254; Loss: -3295.05
Done with epoch {}: 255; Loss: -3309.5
Done with epoch {}: 256; Loss: -3323.95
Done with epoch {}: 257; Loss: -3338.39
Done with epoch {}: 258; Loss: -3352.82
Done with epoch {}: 259; Loss: -3367.25
Done with epoch {}: 260; Loss: -3381.67
Done with epoch {}: 261; Loss: -3396.08
Done with epoch {}: 262; Loss: -3410.48
Done with epoch {}: 263; Loss: -3424.87
Done with epoch {}: 264; Loss: -3439.26
Done with epoch {}: 265; Loss: -3453.64
Done with epoch {}: 266; Loss: -3468.01
Done with epoch {}: 267; Loss: -3482.37
Done with epoch {}: 268; Loss: -3496.73
Done with epoch {}: 269; Loss: -3511.08
Done with epoch {}: 270; Loss: -3525.41
Done with epoch {}: 271; Loss: -3539.75
Done with epoch {}: 272; Loss: -3554.07
Done with epoch {}: 273; Loss: -3568.39
Done with epoch {}: 274; Loss: -3582.7
Done with epoch {}: 275; Loss: -3597
Done with epoch {}: 276; Loss: -3611.3
Done with epoch {}: 277; Loss: -3625.58
Done with epoch {}: 278; Loss: -3639.86
Done with epoch {}: 279; Loss: -3654.13
Done with epoch {}: 280; Loss: -3668.39
Done with epoch {}: 281; Loss: -3682.65
Done with epoch {}: 282; Loss: -3696.89
Done with epoch {}: 283; Loss: -3711.14
Done with epoch {}: 284; Loss: -3725.37
Done with epoch {}: 285; Loss: -3739.59
Done with epoch {}: 286; Loss: -3753.81
Done with epoch {}: 287; Loss: -3768.02
Done with epoch {}: 288; Loss: -3782.22
Done with epoch {}: 289; Loss: -3796.41
Done with epoch {}: 290; Loss: -3810.6
Done with epoch {}: 291; Loss: -3824.77
Done with epoch {}: 292; Loss: -3838.94
Done with epoch {}: 293; Loss: -3853.11
Done with epoch {}: 294; Loss: -3867.26
Done with epoch {}: 295; Loss: -3881.41
Done with epoch {}: 296; Loss: -3895.55
Done with epoch {}: 297; Loss: -3909.68
Done with epoch {}: 298; Loss: -3923.8
Done with epoch {}: 299; Loss: -3937.91
Done with epoch {}: 300; Loss: -3952.03
Done with epoch {}: 301; Loss: -3966.13
Done with epoch {}: 302; Loss: -3980.22
Done with epoch {}: 303; Loss: -3994.3
Done with epoch {}: 304; Loss: -4008.38
Done with epoch {}: 305; Loss: -4022.45
Done with epoch {}: 306; Loss: -4036.51
Done with epoch {}: 307; Loss: -4050.56
Done with epoch {}: 308; Loss: -4064.61
Done with epoch {}: 309; Loss: -4078.65
Done with epoch {}: 310; Loss: -4092.68
Done with epoch {}: 311; Loss: -4106.7
Done with epoch {}: 312; Loss: -4120.71
Done with epoch {}: 313; Loss: -4134.72
Done with epoch {}: 314; Loss: -4148.72
Done with epoch {}: 315; Loss: -4162.71
Done with epoch {}: 316; Loss: -4176.69
Done with epoch {}: 317; Loss: -4190.67
Done with epoch {}: 318; Loss: -4204.64
Done with epoch {}: 319; Loss: -4218.6
Done with epoch {}: 320; Loss: -4232.55
Done with epoch {}: 321; Loss: -4246.49
Done with epoch {}: 322; Loss: -4260.43
Done with epoch {}: 323; Loss: -4274.36
Done with epoch {}: 324; Loss: -4288.28
Done with epoch {}: 325; Loss: -4302.19
Done with epoch {}: 326; Loss: -4316.1
Done with epoch {}: 327; Loss: -4330
Done with epoch {}: 328; Loss: -4343.89
Done with epoch {}: 329; Loss: -4357.77
Done with epoch {}: 330; Loss: -4371.64
Done with epoch {}: 331; Loss: -4385.51
Done with epoch {}: 332; Loss: -4399.37
Done with epoch {}: 333; Loss: -4413.22
Done with epoch {}: 334; Loss: -4427.06
Done with epoch {}: 335; Loss: -4440.89
Done with epoch {}: 336; Loss: -4454.72
Done with epoch {}: 337; Loss: -4468.54
Done with epoch {}: 338; Loss: -4482.35
Done with epoch {}: 339; Loss: -4496.16
Done with epoch {}: 340; Loss: -4509.95
Done with epoch {}: 341; Loss: -4523.74
Done with epoch {}: 342; Loss: -4537.52
Done with epoch {}: 343; Loss: -4551.29
Done with epoch {}: 344; Loss: -4565.05
Done with epoch {}: 345; Loss: -4578.81
Done with epoch {}: 346; Loss: -4592.56
Done with epoch {}: 347; Loss: -4606.3
Done with epoch {}: 348; Loss: -4620.03
Done with epoch {}: 349; Loss: -4633.76
Done with epoch {}: 350; Loss: -4647.47
Done with epoch {}: 351; Loss: -4661.19
Done with epoch {}: 352; Loss: -4674.89
Done with epoch {}: 353; Loss: -4688.58
Done with epoch {}: 354; Loss: -4702.26
Done with epoch {}: 355; Loss: -4715.94
Done with epoch {}: 356; Loss: -4729.61
Done with epoch {}: 357; Loss: -4743.27
Done with epoch {}: 358; Loss: -4756.93
Done with epoch {}: 359; Loss: -4770.58
Done with epoch {}: 360; Loss: -4784.21
Done with epoch {}: 361; Loss: -4797.84
Done with epoch {}: 362; Loss: -4811.46
Done with epoch {}: 363; Loss: -4825.08
Done with epoch {}: 364; Loss: -4838.69
Done with epoch {}: 365; Loss: -4852.29
Done with epoch {}: 366; Loss: -4865.88
Done with epoch {}: 367; Loss: -4879.46
Done with epoch {}: 368; Loss: -4893.03
Done with epoch {}: 369; Loss: -4906.6
Done with epoch {}: 370; Loss: -4920.16
Done with epoch {}: 371; Loss: -4933.71
Done with epoch {}: 372; Loss: -4947.26
Done with epoch {}: 373; Loss: -4960.8
Done with epoch {}: 374; Loss: -4974.32
Done with epoch {}: 375; Loss: -4987.84
Done with epoch {}: 376; Loss: -5001.36
Done with epoch {}: 377; Loss: -5014.86
Done with epoch {}: 378; Loss: -5028.35
Done with epoch {}: 379; Loss: -5041.84
Done with epoch {}: 380; Loss: -5055.32
Done with epoch {}: 381; Loss: -5068.8
Done with epoch {}: 382; Loss: -5082.26
Done with epoch {}: 383; Loss: -5095.72
Done with epoch {}: 384; Loss: -5109.17
Done with epoch {}: 385; Loss: -5122.61
Done with epoch {}: 386; Loss: -5136.04
Done with epoch {}: 387; Loss: -5149.47
Done with epoch {}: 388; Loss: -5162.88
Done with epoch {}: 389; Loss: -5176.29
Done with epoch {}: 390; Loss: -5189.69
Done with epoch {}: 391; Loss: -5203.09
Done with epoch {}: 392; Loss: -5216.47
Done with epoch {}: 393; Loss: -5229.85
Done with epoch {}: 394; Loss: -5243.22
Done with epoch {}: 395; Loss: -5256.58
Done with epoch {}: 396; Loss: -5269.93
Done with epoch {}: 397; Loss: -5283.28
Done with epoch {}: 398; Loss: -5296.62
Done with epoch {}: 399; Loss: -5309.95
Done with epoch {}: 400; Loss: -5323.27
Done with epoch {}: 401; Loss: -5336.58
Done with epoch {}: 402; Loss: -5349.89
Done with epoch {}: 403; Loss: -5363.19
Done with epoch {}: 404; Loss: -5376.48
Done with epoch {}: 405; Loss: -5389.76
Done with epoch {}: 406; Loss: -5403.03
Done with epoch {}: 407; Loss: -5416.3
Done with epoch {}: 408; Loss: -5429.56
Done with epoch {}: 409; Loss: -5442.81
Done with epoch {}: 410; Loss: -5456.05
Done with epoch {}: 411; Loss: -5469.28
Done with epoch {}: 412; Loss: -5482.51
Done with epoch {}: 413; Loss: -5495.73
Done with epoch {}: 414; Loss: -5508.94
Done with epoch {}: 415; Loss: -5522.14
Done with epoch {}: 416; Loss: -5535.34
Done with epoch {}: 417; Loss: -5548.52
Done with epoch {}: 418; Loss: -5561.7
Done with epoch {}: 419; Loss: -5574.87
Done with epoch {}: 420; Loss: -5588.04
Done with epoch {}: 421; Loss: -5601.19
Done with epoch {}: 422; Loss: -5614.34
Done with epoch {}: 423; Loss: -5627.47
Done with epoch {}: 424; Loss: -5640.61
Done with epoch {}: 425; Loss: -5653.73
Done with epoch {}: 426; Loss: -5666.84
Done with epoch {}: 427; Loss: -5679.95
Done with epoch {}: 428; Loss: -5693.05
Done with epoch {}: 429; Loss: -5706.14
Done with epoch {}: 430; Loss: -5719.22
Done with epoch {}: 431; Loss: -5732.3
Done with epoch {}: 432; Loss: -5745.36
Done with epoch {}: 433; Loss: -5758.42
Done with epoch {}: 434; Loss: -5771.48
Done with epoch {}: 435; Loss: -5784.52
Done with epoch {}: 436; Loss: -5797.55
Done with epoch {}: 437; Loss: -5810.58
Done with epoch {}: 438; Loss: -5823.6
Done with epoch {}: 439; Loss: -5836.61
Done with epoch {}: 440; Loss: -5849.61
Done with epoch {}: 441; Loss: -5862.61
Done with epoch {}: 442; Loss: -5875.59
Done with epoch {}: 443; Loss: -5888.57
Done with epoch {}: 444; Loss: -5901.54
Done with epoch {}: 445; Loss: -5914.5
Done with epoch {}: 446; Loss: -5927.46
Done with epoch {}: 447; Loss: -5940.4
Done with epoch {}: 448; Loss: -5953.34
Done with epoch {}: 449; Loss: -5966.27
Done with epoch {}: 450; Loss: -5979.2
Done with epoch {}: 451; Loss: -5992.11
Done with epoch {}: 452; Loss: -6005.02
Done with epoch {}: 453; Loss: -6017.92
Done with epoch {}: 454; Loss: -6030.81
Done with epoch {}: 455; Loss: -6043.69
Done with epoch {}: 456; Loss: -6056.56
Done with epoch {}: 457; Loss: -6069.43
Done with epoch {}: 458; Loss: -6082.29
Done with epoch {}: 459; Loss: -6095.14
Done with epoch {}: 460; Loss: -6107.99
Done with epoch {}: 461; Loss: -6120.82
Done with epoch {}: 462; Loss: -6133.64
Done with epoch {}: 463; Loss: -6146.46
Done with epoch {}: 464; Loss: -6159.27
Done with epoch {}: 465; Loss: -6172.07
Done with epoch {}: 466; Loss: -6184.87
Done with epoch {}: 467; Loss: -6197.65
Done with epoch {}: 468; Loss: -6210.43
Done with epoch {}: 469; Loss: -6223.2
Done with epoch {}: 470; Loss: -6235.96
Done with epoch {}: 471; Loss: -6248.72
Done with epoch {}: 472; Loss: -6261.46
Done with epoch {}: 473; Loss: -6274.2
Done with epoch {}: 474; Loss: -6286.93
Done with epoch {}: 475; Loss: -6299.65
Done with epoch {}: 476; Loss: -6312.36
Done with epoch {}: 477; Loss: -6325.07
Done with epoch {}: 478; Loss: -6337.77
Done with epoch {}: 479; Loss: -6350.46
Done with epoch {}: 480; Loss: -6363.14
Done with epoch {}: 481; Loss: -6375.81
Done with epoch {}: 482; Loss: -6388.48
Done with epoch {}: 483; Loss: -6401.14
Done with epoch {}: 484; Loss: -6413.79
Done with epoch {}: 485; Loss: -6426.43
Done with epoch {}: 486; Loss: -6439.06
Done with epoch {}: 487; Loss: -6451.68
Done with epoch {}: 488; Loss: -6464.3
Done with epoch {}: 489; Loss: -6476.91
Done with epoch {}: 490; Loss: -6489.51
Done with epoch {}: 491; Loss: -6502.1
Done with epoch {}: 492; Loss: -6514.69
Done with epoch {}: 493; Loss: -6527.26
Done with epoch {}: 494; Loss: -6539.83
Done with epoch {}: 495; Loss: -6552.39
Done with epoch {}: 496; Loss: -6564.94
Done with epoch {}: 497; Loss: -6577.49
Done with epoch {}: 498; Loss: -6590.03
Done with epoch {}: 499; Loss: -6602.55
Done with epoch {}: 500; Loss: -6615.08
Done with epoch {}: 501; Loss: -6627.58
Done with epoch {}: 502; Loss: -6640.09
Done with epoch {}: 503; Loss: -6652.58
Done with epoch {}: 504; Loss: -6665.07
Done with epoch {}: 505; Loss: -6677.55
Done with epoch {}: 506; Loss: -6690.02
Done with epoch {}: 507; Loss: -6702.49
Done with epoch {}: 508; Loss: -6714.94
Done with epoch {}: 509; Loss: -6727.39
Done with epoch {}: 510; Loss: -6739.83
Done with epoch {}: 511; Loss: -6752.26
Done with epoch {}: 512; Loss: -6764.68
Done with epoch {}: 513; Loss: -6777.1
Done with epoch {}: 514; Loss: -6789.5
Done with epoch {}: 515; Loss: -6801.9
Done with epoch {}: 516; Loss: -6814.29
Done with epoch {}: 517; Loss: -6826.67
Done with epoch {}: 518; Loss: -6839.05
Done with epoch {}: 519; Loss: -6851.42
Done with epoch {}: 520; Loss: -6863.77
Done with epoch {}: 521; Loss: -6876.12
Done with epoch {}: 522; Loss: -6888.47
Done with epoch {}: 523; Loss: -6900.8
Done with epoch {}: 524; Loss: -6913.12
Done with epoch {}: 525; Loss: -6925.44
Done with epoch {}: 526; Loss: -6937.75
Done with epoch {}: 527; Loss: -6950.06
Done with epoch {}: 528; Loss: -6962.35
Done with epoch {}: 529; Loss: -6974.63
Done with epoch {}: 530; Loss: -6986.91
Done with epoch {}: 531; Loss: -6999.18
Done with epoch {}: 532; Loss: -7011.44
Done with epoch {}: 533; Loss: -7023.69
Done with epoch {}: 534; Loss: -7035.94
Done with epoch {}: 535; Loss: -7048.18
Done with epoch {}: 536; Loss: -7060.4
Done with epoch {}: 537; Loss: -7072.62
Done with epoch {}: 538; Loss: -7084.84
Done with epoch {}: 539; Loss: -7097.04
Done with epoch {}: 540; Loss: -7109.24
Done with epoch {}: 541; Loss: -7121.43
Done with epoch {}: 542; Loss: -7133.6
Done with epoch {}: 543; Loss: -7145.78
Done with epoch {}: 544; Loss: -7157.94
Done with epoch {}: 545; Loss: -7170.09
Done with epoch {}: 546; Loss: -7182.25
Done with epoch {}: 547; Loss: -7194.38
Done with epoch {}: 548; Loss: -7206.52
Done with epoch {}: 549; Loss: -7218.64
Done with epoch {}: 550; Loss: -7230.75
Done with epoch {}: 551; Loss: -7242.86
Done with epoch {}: 552; Loss: -7254.96
Done with epoch {}: 553; Loss: -7267.05
Done with epoch {}: 554; Loss: -7279.13
Done with epoch {}: 555; Loss: -7291.2
Done with epoch {}: 556; Loss: -7303.27
Done with epoch {}: 557; Loss: -7315.33
Done with epoch {}: 558; Loss: -7327.38
Done with epoch {}: 559; Loss: -7339.42
Done with epoch {}: 560; Loss: -7351.46
Done with epoch {}: 561; Loss: -7363.48
Done with epoch {}: 562; Loss: -7375.5
Done with epoch {}: 563; Loss: -7387.5
Done with epoch {}: 564; Loss: -7399.51
Done with epoch {}: 565; Loss: -7411.5
Done with epoch {}: 566; Loss: -7423.48
Done with epoch {}: 567; Loss: -7435.46
Done with epoch {}: 568; Loss: -7447.43
Done with epoch {}: 569; Loss: -7459.39
Done with epoch {}: 570; Loss: -7471.34
Done with epoch {}: 571; Loss: -7483.29
Done with epoch {}: 572; Loss: -7495.22
Done with epoch {}: 573; Loss: -7507.15
Done with epoch {}: 574; Loss: -7519.07
Done with epoch {}: 575; Loss: -7530.98
Done with epoch {}: 576; Loss: -7542.88
Done with epoch {}: 577; Loss: -7554.78
Done with epoch {}: 578; Loss: -7566.67
Done with epoch {}: 579; Loss: -7578.55
Done with epoch {}: 580; Loss: -7590.42
Done with epoch {}: 581; Loss: -7602.28
Done with epoch {}: 582; Loss: -7614.14
Done with epoch {}: 583; Loss: -7625.98
Done with epoch {}: 584; Loss: -7637.82
Done with epoch {}: 585; Loss: -7649.65
Done with epoch {}: 586; Loss: -7661.47
Done with epoch {}: 587; Loss: -7673.29
Done with epoch {}: 588; Loss: -7685.09
Done with epoch {}: 589; Loss: -7696.89
Done with epoch {}: 590; Loss: -7708.68
Done with epoch {}: 591; Loss: -7720.46
Done with epoch {}: 592; Loss: -7732.23
Done with epoch {}: 593; Loss: -7744
Done with epoch {}: 594; Loss: -7755.76
Done with epoch {}: 595; Loss: -7767.5
Done with epoch {}: 596; Loss: -7779.24
Done with epoch {}: 597; Loss: -7790.98
Done with epoch {}: 598; Loss: -7802.7
Done with epoch {}: 599; Loss: -7814.42
Done with epoch {}: 600; Loss: -7826.13
Done with epoch {}: 601; Loss: -7837.83
Done with epoch {}: 602; Loss: -7849.52
Done with epoch {}: 603; Loss: -7861.2
Done with epoch {}: 604; Loss: -7872.88
Done with epoch {}: 605; Loss: -7884.55
Done with epoch {}: 606; Loss: -7896.21
Done with epoch {}: 607; Loss: -7907.85
Done with epoch {}: 608; Loss: -7919.5
Done with epoch {}: 609; Loss: -7931.13
Done with epoch {}: 610; Loss: -7942.76
Done with epoch {}: 611; Loss: -7954.38
Done with epoch {}: 612; Loss: -7965.99
Done with epoch {}: 613; Loss: -7977.59
Done with epoch {}: 614; Loss: -7989.19
Done with epoch {}: 615; Loss: -8000.77
Done with epoch {}: 616; Loss: -8012.35
Done with epoch {}: 617; Loss: -8023.92
Done with epoch {}: 618; Loss: -8035.48
Done with epoch {}: 619; Loss: -8047.03
Done with epoch {}: 620; Loss: -8058.58
Done with epoch {}: 621; Loss: -8070.12
Done with epoch {}: 622; Loss: -8081.64
Done with epoch {}: 623; Loss: -8093.17
Done with epoch {}: 624; Loss: -8104.68
Done with epoch {}: 625; Loss: -8116.18
Done with epoch {}: 626; Loss: -8127.68
Done with epoch {}: 627; Loss: -8139.17
Done with epoch {}: 628; Loss: -8150.65
Done with epoch {}: 629; Loss: -8162.12
Done with epoch {}: 630; Loss: -8173.58
Done with epoch {}: 631; Loss: -8185.04
Done with epoch {}: 632; Loss: -8196.49
Done with epoch {}: 633; Loss: -8207.93
Done with epoch {}: 634; Loss: -8219.35
Done with epoch {}: 635; Loss: -8230.78
Done with epoch {}: 636; Loss: -8242.19
Done with epoch {}: 637; Loss: -8253.6
Done with epoch {}: 638; Loss: -8265
Done with epoch {}: 639; Loss: -8276.39
Done with epoch {}: 640; Loss: -8287.77
Done with epoch {}: 641; Loss: -8299.14
Done with epoch {}: 642; Loss: -8310.51
Done with epoch {}: 643; Loss: -8321.87
Done with epoch {}: 644; Loss: -8333.22
Done with epoch {}: 645; Loss: -8344.56
Done with epoch {}: 646; Loss: -8355.89
Done with epoch {}: 647; Loss: -8367.22
Done with epoch {}: 648; Loss: -8378.54
Done with epoch {}: 649; Loss: -8389.84
Done with epoch {}: 650; Loss: -8401.14
Done with epoch {}: 651; Loss: -8412.44
Done with epoch {}: 652; Loss: -8423.72
Done with epoch {}: 653; Loss: -8435
Done with epoch {}: 654; Loss: -8446.27
Done with epoch {}: 655; Loss: -8457.53
Done with epoch {}: 656; Loss: -8468.78
Done with epoch {}: 657; Loss: -8480.02
Done with epoch {}: 658; Loss: -8491.26
Done with epoch {}: 659; Loss: -8502.48
Done with epoch {}: 660; Loss: -8513.7
Done with epoch {}: 661; Loss: -8524.91
Done with epoch {}: 662; Loss: -8536.12
Done with epoch {}: 663; Loss: -8547.31
Done with epoch {}: 664; Loss: -8558.5
Done with epoch {}: 665; Loss: -8569.67
Done with epoch {}: 666; Loss: -8580.85
Done with epoch {}: 667; Loss: -8592.01
Done with epoch {}: 668; Loss: -8603.16
Done with epoch {}: 669; Loss: -8614.31
Done with epoch {}: 670; Loss: -8625.45
Done with epoch {}: 671; Loss: -8636.57
Done with epoch {}: 672; Loss: -8647.69
Done with epoch {}: 673; Loss: -8658.81
Done with epoch {}: 674; Loss: -8669.92
Done with epoch {}: 675; Loss: -8681.01
Done with epoch {}: 676; Loss: -8692.1
Done with epoch {}: 677; Loss: -8703.18
Done with epoch {}: 678; Loss: -8714.25
Done with epoch {}: 679; Loss: -8725.32
Done with epoch {}: 680; Loss: -8736.37
Done with epoch {}: 681; Loss: -8747.42
Done with epoch {}: 682; Loss: -8758.46
Done with epoch {}: 683; Loss: -8769.49
Done with epoch {}: 684; Loss: -8780.52
Done with epoch {}: 685; Loss: -8791.53
Done with epoch {}: 686; Loss: -8802.54
Done with epoch {}: 687; Loss: -8813.54
Done with epoch {}: 688; Loss: -8824.53
Done with epoch {}: 689; Loss: -8835.51
Done with epoch {}: 690; Loss: -8846.48
Done with epoch {}: 691; Loss: -8857.45
Done with epoch {}: 692; Loss: -8868.41
Done with epoch {}: 693; Loss: -8879.36
Done with epoch {}: 694; Loss: -8890.3
Done with epoch {}: 695; Loss: -8901.23
Done with epoch {}: 696; Loss: -8912.16
Done with epoch {}: 697; Loss: -8923.08
Done with epoch {}: 698; Loss: -8933.99
Done with epoch {}: 699; Loss: -8944.89
Done with epoch {}: 700; Loss: -8955.78
Done with epoch {}: 701; Loss: -8966.67
Done with epoch {}: 702; Loss: -8977.54
Done with epoch {}: 703; Loss: -8988.41
Done with epoch {}: 704; Loss: -8999.27
Done with epoch {}: 705; Loss: -9010.12
Done with epoch {}: 706; Loss: -9020.97
Done with epoch {}: 707; Loss: -9031.8
Done with epoch {}: 708; Loss: -9042.63
Done with epoch {}: 709; Loss: -9053.45
Done with epoch {}: 710; Loss: -9064.27
Done with epoch {}: 711; Loss: -9075.07
Done with epoch {}: 712; Loss: -9085.87
Done with epoch {}: 713; Loss: -9096.65
Done with epoch {}: 714; Loss: -9107.43
Done with epoch {}: 715; Loss: -9118.2
Done with epoch {}: 716; Loss: -9128.96
Done with epoch {}: 717; Loss: -9139.72
Done with epoch {}: 718; Loss: -9150.46
Done with epoch {}: 719; Loss: -9161.2
Done with epoch {}: 720; Loss: -9171.93
Done with epoch {}: 721; Loss: -9182.65
Done with epoch {}: 722; Loss: -9193.37
Done with epoch {}: 723; Loss: -9204.08
Done with epoch {}: 724; Loss: -9214.77
Done with epoch {}: 725; Loss: -9225.46
Done with epoch {}: 726; Loss: -9236.14
Done with epoch {}: 727; Loss: -9246.81
Done with epoch {}: 728; Loss: -9257.48
Done with epoch {}: 729; Loss: -9268.14
Done with epoch {}: 730; Loss: -9278.79
Done with epoch {}: 731; Loss: -9289.43
Done with epoch {}: 732; Loss: -9300.06
Done with epoch {}: 733; Loss: -9310.68
Done with epoch {}: 734; Loss: -9321.3
Done with epoch {}: 735; Loss: -9331.91
Done with epoch {}: 736; Loss: -9342.51
Done with epoch {}: 737; Loss: -9353.1
Done with epoch {}: 738; Loss: -9363.68
Done with epoch {}: 739; Loss: -9374.26
Done with epoch {}: 740; Loss: -9384.82
Done with epoch {}: 741; Loss: -9395.38
Done with epoch {}: 742; Loss: -9405.93
Done with epoch {}: 743; Loss: -9416.48
Done with epoch {}: 744; Loss: -9427.01
Done with epoch {}: 745; Loss: -9437.54
Done with epoch {}: 746; Loss: -9448.06
Done with epoch {}: 747; Loss: -9458.56
Done with epoch {}: 748; Loss: -9469.07
Done with epoch {}: 749; Loss: -9479.56
Done with epoch {}: 750; Loss: -9490.05
Done with epoch {}: 751; Loss: -9500.52
Done with epoch {}: 752; Loss: -9510.99
Done with epoch {}: 753; Loss: -9521.45
Done with epoch {}: 754; Loss: -9531.91
Done with epoch {}: 755; Loss: -9542.35
Done with epoch {}: 756; Loss: -9552.79
Done with epoch {}: 757; Loss: -9563.22
Done with epoch {}: 758; Loss: -9573.64
Done with epoch {}: 759; Loss: -9584.05
Done with epoch {}: 760; Loss: -9594.45
Done with epoch {}: 761; Loss: -9604.85
Done with epoch {}: 762; Loss: -9615.24
Done with epoch {}: 763; Loss: -9625.62
Done with epoch {}: 764; Loss: -9635.99
Done with epoch {}: 765; Loss: -9646.35
Done with epoch {}: 766; Loss: -9656.71
Done with epoch {}: 767; Loss: -9667.05
Done with epoch {}: 768; Loss: -9677.39
Done with epoch {}: 769; Loss: -9687.72
Done with epoch {}: 770; Loss: -9698.04
Done with epoch {}: 771; Loss: -9708.36
Done with epoch {}: 772; Loss: -9718.66
Done with epoch {}: 773; Loss: -9728.96
Done with epoch {}: 774; Loss: -9739.25
Done with epoch {}: 775; Loss: -9749.53
Done with epoch {}: 776; Loss: -9759.81
Done with epoch {}: 777; Loss: -9770.07
Done with epoch {}: 778; Loss: -9780.33
Done with epoch {}: 779; Loss: -9790.58
Done with epoch {}: 780; Loss: -9800.82
Done with epoch {}: 781; Loss: -9811.05
Done with epoch {}: 782; Loss: -9821.28
Done with epoch {}: 783; Loss: -9831.49
Done with epoch {}: 784; Loss: -9841.7
Done with epoch {}: 785; Loss: -9851.9
Done with epoch {}: 786; Loss: -9862.09
Done with epoch {}: 787; Loss: -9872.28
Done with epoch {}: 788; Loss: -9882.45
Done with epoch {}: 789; Loss: -9892.62
Done with epoch {}: 790; Loss: -9902.78
Done with epoch {}: 791; Loss: -9912.93
Done with epoch {}: 792; Loss: -9923.07
Done with epoch {}: 793; Loss: -9933.2
Done with epoch {}: 794; Loss: -9943.33
Done with epoch {}: 795; Loss: -9953.45
Done with epoch {}: 796; Loss: -9963.56
Done with epoch {}: 797; Loss: -9973.66
Done with epoch {}: 798; Loss: -9983.76
Done with epoch {}: 799; Loss: -9993.84
Done with epoch {}: 800; Loss: -10003.9
Done with epoch {}: 801; Loss: -10014
Done with epoch {}: 802; Loss: -10024
Done with epoch {}: 803; Loss: -10034.1
Done with epoch {}: 804; Loss: -10044.1
Done with epoch {}: 805; Loss: -10054.2
Done with epoch {}: 806; Loss: -10064.2
Done with epoch {}: 807; Loss: -10074.2
Done with epoch {}: 808; Loss: -10084.2
Done with epoch {}: 809; Loss: -10094.2
Done with epoch {}: 810; Loss: -10104.2
Done with epoch {}: 811; Loss: -10114.2
Done with epoch {}: 812; Loss: -10124.2
Done with epoch {}: 813; Loss: -10134.2
Done with epoch {}: 814; Loss: -10144.1
Done with epoch {}: 815; Loss: -10154.1
Done with epoch {}: 816; Loss: -10164
Done with epoch {}: 817; Loss: -10174
Done with epoch {}: 818; Loss: -10183.9
Done with epoch {}: 819; Loss: -10193.8
Done with epoch {}: 820; Loss: -10203.7
Done with epoch {}: 821; Loss: -10213.6
Done with epoch {}: 822; Loss: -10223.5
Done with epoch {}: 823; Loss: -10233.4
Done with epoch {}: 824; Loss: -10243.3
Done with epoch {}: 825; Loss: -10253.2
Done with epoch {}: 826; Loss: -10263
Done with epoch {}: 827; Loss: -10272.9
Done with epoch {}: 828; Loss: -10282.7
Done with epoch {}: 829; Loss: -10292.6
Done with epoch {}: 830; Loss: -10302.4
Done with epoch {}: 831; Loss: -10312.2
Done with epoch {}: 832; Loss: -10322
Done with epoch {}: 833; Loss: -10331.8
Done with epoch {}: 834; Loss: -10341.6
Done with epoch {}: 835; Loss: -10351.4
Done with epoch {}: 836; Loss: -10361.2
Done with epoch {}: 837; Loss: -10371
Done with epoch {}: 838; Loss: -10380.7
Done with epoch {}: 839; Loss: -10390.5
Done with epoch {}: 840; Loss: -10400.2
Done with epoch {}: 841; Loss: -10410
Done with epoch {}: 842; Loss: -10419.7
Done with epoch {}: 843; Loss: -10429.4
Done with epoch {}: 844; Loss: -10439.1
Done with epoch {}: 845; Loss: -10448.8
Done with epoch {}: 846; Loss: -10458.5
Done with epoch {}: 847; Loss: -10468.2
Done with epoch {}: 848; Loss: -10477.9
Done with epoch {}: 849; Loss: -10487.5
Done with epoch {}: 850; Loss: -10497.2
Done with epoch {}: 851; Loss: -10506.9
Done with epoch {}: 852; Loss: -10516.5
Done with epoch {}: 853; Loss: -10526.1
Done with epoch {}: 854; Loss: -10535.8
Done with epoch {}: 855; Loss: -10545.4
Done with epoch {}: 856; Loss: -10555
Done with epoch {}: 857; Loss: -10564.6
Done with epoch {}: 858; Loss: -10574.2
Done with epoch {}: 859; Loss: -10583.8
Done with epoch {}: 860; Loss: -10593.4
Done with epoch {}: 861; Loss: -10602.9
Done with epoch {}: 862; Loss: -10612.5
Done with epoch {}: 863; Loss: -10622
Done with epoch {}: 864; Loss: -10631.6
Done with epoch {}: 865; Loss: -10641.1
Done with epoch {}: 866; Loss: -10650.6
Done with epoch {}: 867; Loss: -10660.1
Done with epoch {}: 868; Loss: -10669.7
Done with epoch {}: 869; Loss: -10679.2
Done with epoch {}: 870; Loss: -10688.6
Done with epoch {}: 871; Loss: -10698.1
Done with epoch {}: 872; Loss: -10707.6
Done with epoch {}: 873; Loss: -10717.1
Done with epoch {}: 874; Loss: -10726.5
Done with epoch {}: 875; Loss: -10736
Done with epoch {}: 876; Loss: -10745.4
Done with epoch {}: 877; Loss: -10754.8
Done with epoch {}: 878; Loss: -10764.2
Done with epoch {}: 879; Loss: -10773.7
Done with epoch {}: 880; Loss: -10783.1
Done with epoch {}: 881; Loss: -10792.5
Done with epoch {}: 882; Loss: -10801.8
Done with epoch {}: 883; Loss: -10811.2
Done with epoch {}: 884; Loss: -10820.6
Done with epoch {}: 885; Loss: -10829.9
Done with epoch {}: 886; Loss: -10839.3
Done with epoch {}: 887; Loss: -10848.6
Done with epoch {}: 888; Loss: -10858
Done with epoch {}: 889; Loss: -10867.3
Done with epoch {}: 890; Loss: -10876.6
Done with epoch {}: 891; Loss: -10885.9
Done with epoch {}: 892; Loss: -10895.2
Done with epoch {}: 893; Loss: -10904.5
Done with epoch {}: 894; Loss: -10913.7
Done with epoch {}: 895; Loss: -10923
Done with epoch {}: 896; Loss: -10932.3
Done with epoch {}: 897; Loss: -10941.5
Done with epoch {}: 898; Loss: -10950.8
Done with epoch {}: 899; Loss: -10960
Done with epoch {}: 900; Loss: -10969.2
Done with epoch {}: 901; Loss: -10978.4
Done with epoch {}: 902; Loss: -10987.6
Done with epoch {}: 903; Loss: -10996.8
Done with epoch {}: 904; Loss: -11006
Done with epoch {}: 905; Loss: -11015.2
Done with epoch {}: 906; Loss: -11024.3
Done with epoch {}: 907; Loss: -11033.5
Done with epoch {}: 908; Loss: -11042.6
Done with epoch {}: 909; Loss: -11051.8
Done with epoch {}: 910; Loss: -11060.9
Done with epoch {}: 911; Loss: -11070
Done with epoch {}: 912; Loss: -11079.1
Done with epoch {}: 913; Loss: -11088.2
Done with epoch {}: 914; Loss: -11097.3
Done with epoch {}: 915; Loss: -11106.4
Done with epoch {}: 916; Loss: -11115.4
Done with epoch {}: 917; Loss: -11124.5
Done with epoch {}: 918; Loss: -11133.5
Done with epoch {}: 919; Loss: -11142.6
Done with epoch {}: 920; Loss: -11151.6
Done with epoch {}: 921; Loss: -11160.6
Done with epoch {}: 922; Loss: -11169.6
Done with epoch {}: 923; Loss: -11178.6
Done with epoch {}: 924; Loss: -11187.6
Done with epoch {}: 925; Loss: -11196.6
Done with epoch {}: 926; Loss: -11205.5
Done with epoch {}: 927; Loss: -11214.5
Done with epoch {}: 928; Loss: -11223.4
Done with epoch {}: 929; Loss: -11232.4
Done with epoch {}: 930; Loss: -11241.3
Done with epoch {}: 931; Loss: -11250.2
Done with epoch {}: 932; Loss: -11259.1
Done with epoch {}: 933; Loss: -11268
Done with epoch {}: 934; Loss: -11276.9
Done with epoch {}: 935; Loss: -11285.7
Done with epoch {}: 936; Loss: -11294.6
Done with epoch {}: 937; Loss: -11303.4
Done with epoch {}: 938; Loss: -11312.2
Done with epoch {}: 939; Loss: -11321.1
Done with epoch {}: 940; Loss: -11329.9
Done with epoch {}: 941; Loss: -11338.7
Done with epoch {}: 942; Loss: -11347.5
Done with epoch {}: 943; Loss: -11356.2
Done with epoch {}: 944; Loss: -11365
Done with epoch {}: 945; Loss: -11373.7
Done with epoch {}: 946; Loss: -11382.5
Done with epoch {}: 947; Loss: -11391.2
Done with epoch {}: 948; Loss: -11399.9
Done with epoch {}: 949; Loss: -11408.6
Done with epoch {}: 950; Loss: -11417.3
Done with epoch {}: 951; Loss: -11426
Done with epoch {}: 952; Loss: -11434.6
Done with epoch {}: 953; Loss: -11443.3
Done with epoch {}: 954; Loss: -11451.9
Done with epoch {}: 955; Loss: -11460.5
Done with epoch {}: 956; Loss: -11469.1
Done with epoch {}: 957; Loss: -11477.7
Done with epoch {}: 958; Loss: -11486.3
Done with epoch {}: 959; Loss: -11494.9
Done with epoch {}: 960; Loss: -11503.4
Done with epoch {}: 961; Loss: -11511.9
Done with epoch {}: 962; Loss: -11520.5
Done with epoch {}: 963; Loss: -11529
Done with epoch {}: 964; Loss: -11537.5
Done with epoch {}: 965; Loss: -11545.9
Done with epoch {}: 966; Loss: -11554.4
Done with epoch {}: 967; Loss: -11562.8
Done with epoch {}: 968; Loss: -11571.3
Done with epoch {}: 969; Loss: -11579.7
Done with epoch {}: 970; Loss: -11588.1
Done with epoch {}: 971; Loss: -11596.4
Done with epoch {}: 972; Loss: -11604.8
Done with epoch {}: 973; Loss: -11613.1
Done with epoch {}: 974; Loss: -11621.5
Done with epoch {}: 975; Loss: -11629.8
Done with epoch {}: 976; Loss: -11638.1
Done with epoch {}: 977; Loss: -11646.3
Done with epoch {}: 978; Loss: -11654.6
Done with epoch {}: 979; Loss: -11662.8
Done with epoch {}: 980; Loss: -11671
Done with epoch {}: 981; Loss: -11679.2
Done with epoch {}: 982; Loss: -11687.4
Done with epoch {}: 983; Loss: -11695.5
Done with epoch {}: 984; Loss: -11703.7
Done with epoch {}: 985; Loss: -11711.8
Done with epoch {}: 986; Loss: -11719.9
Done with epoch {}: 987; Loss: -11727.9
Done with epoch {}: 988; Loss: -11736
Done with epoch {}: 989; Loss: -11744
Done with epoch {}: 990; Loss: -11752
Done with epoch {}: 991; Loss: -11759.9
Done with epoch {}: 992; Loss: -11767.9
Done with epoch {}: 993; Loss: -11775.8
Done with epoch {}: 994; Loss: -11783.7
Done with epoch {}: 995; Loss: -11791.5
Done with epoch {}: 996; Loss: -11799.4
Done with epoch {}: 997; Loss: -11807.2
Done with epoch {}: 998; Loss: -11814.9
Done with epoch {}: 999; Loss: -11822.7
Done with epoch {}: 1000; Loss: -11830.4
Done with epoch {}: 1001; Loss: -11838.1
Done with epoch {}: 1002; Loss: -11845.7
Done with epoch {}: 1003; Loss: -11853.4
Done with epoch {}: 1004; Loss: -11860.9
Done with epoch {}: 1005; Loss: -11868.5
Done with epoch {}: 1006; Loss: -11876
Done with epoch {}: 1007; Loss: -11883.5
Done with epoch {}: 1008; Loss: -11890.9
Done with epoch {}: 1009; Loss: -11898.3
Done with epoch {}: 1010; Loss: -11905.7
Done with epoch {}: 1011; Loss: -11913
Done with epoch {}: 1012; Loss: -11920.3
Done with epoch {}: 1013; Loss: -11927.5
Done with epoch {}: 1014; Loss: -11934.7
Done with epoch {}: 1015; Loss: -11941.8
Done with epoch {}: 1016; Loss: -11948.9
Done with epoch {}: 1017; Loss: -11956
Done with epoch {}: 1018; Loss: -11962.9
Done with epoch {}: 1019; Loss: -11969.9
Done with epoch {}: 1020; Loss: -11976.8
Done with epoch {}: 1021; Loss: -11983.6
Done with epoch {}: 1022; Loss: -11990.4
Done with epoch {}: 1023; Loss: -11997.1
Done with epoch {}: 1024; Loss: -12003.8
Done with epoch {}: 1025; Loss: -12010.4
Done with epoch {}: 1026; Loss: -12016.9
Done with epoch {}: 1027; Loss: -12023.4
Done with epoch {}: 1028; Loss: -12029.8
Done with epoch {}: 1029; Loss: -12036.2
Done with epoch {}: 1030; Loss: -12042.4
Done with epoch {}: 1031; Loss: -12048.6
Done with epoch {}: 1032; Loss: -12054.8
Done with epoch {}: 1033; Loss: -12060.8
Done with epoch {}: 1034; Loss: -12066.8
Done with epoch {}: 1035; Loss: -12072.7
Done with epoch {}: 1036; Loss: -12078.5
Done with epoch {}: 1037; Loss: -12084.2
Done with epoch {}: 1038; Loss: -12089.9
Done with epoch {}: 1039; Loss: -12095.4
Done with epoch {}: 1040; Loss: -12100.9
Done with epoch {}: 1041; Loss: -12106.3
Done with epoch {}: 1042; Loss: -12111.6
Done with epoch {}: 1043; Loss: -12116.8
Done with epoch {}: 1044; Loss: -12121.9
Done with epoch {}: 1045; Loss: -12126.9
Done with epoch {}: 1046; Loss: -12131.8
Done with epoch {}: 1047; Loss: -12136.6
Done with epoch {}: 1048; Loss: -12141.3
Done with epoch {}: 1049; Loss: -12146
Done with epoch {}: 1050; Loss: -12150.5
Done with epoch {}: 1051; Loss: -12154.9
Done with epoch {}: 1052; Loss: -12159.2
Done with epoch {}: 1053; Loss: -12163.4
Done with epoch {}: 1054; Loss: -12167.5
Done with epoch {}: 1055; Loss: -12171.5
Done with epoch {}: 1056; Loss: -12175.3
Done with epoch {}: 1057; Loss: -12179.1
Done with epoch {}: 1058; Loss: -12182.8
Done with epoch {}: 1059; Loss: -12186.4
Done with epoch {}: 1060; Loss: -12189.9
Done with epoch {}: 1061; Loss: -12193.2
Done with epoch {}: 1062; Loss: -12196.5
Done with epoch {}: 1063; Loss: -12199.7
Done with epoch {}: 1064; Loss: -12202.8
Done with epoch {}: 1065; Loss: -12205.8
Done with epoch {}: 1066; Loss: -12208.6
Done with epoch {}: 1067; Loss: -12211.5
Done with epoch {}: 1068; Loss: -12214.2
Done with epoch {}: 1069; Loss: -12216.8
Done with epoch {}: 1070; Loss: -12219.4
Done with epoch {}: 1071; Loss: -12221.8
Done with epoch {}: 1072; Loss: -12224.2
Done with epoch {}: 1073; Loss: -12226.5
Done with epoch {}: 1074; Loss: -12228.8
Done with epoch {}: 1075; Loss: -12230.9
Done with epoch {}: 1076; Loss: -12233
Done with epoch {}: 1077; Loss: -12235.1
Done with epoch {}: 1078; Loss: -12237.1
Done with epoch {}: 1079; Loss: -12239
Done with epoch {}: 1080; Loss: -12240.9
Done with epoch {}: 1081; Loss: -12242.7
Done with epoch {}: 1082; Loss: -12244.4
Done with epoch {}: 1083; Loss: -12246.1
Done with epoch {}: 1084; Loss: -12247.8
Done with epoch {}: 1085; Loss: -12249.4
Done with epoch {}: 1086; Loss: -12251
Done with epoch {}: 1087; Loss: -12252.5
Done with epoch {}: 1088; Loss: -12254
Done with epoch {}: 1089; Loss: -12255.4
Done with epoch {}: 1090; Loss: -12256.8
Done with epoch {}: 1091; Loss: -12258.2
Done with epoch {}: 1092; Loss: -12259.6
Done with epoch {}: 1093; Loss: -12260.9
Done with epoch {}: 1094; Loss: -12262.1
Done with epoch {}: 1095; Loss: -12263.4
Done with epoch {}: 1096; Loss: -12264.6
Done with epoch {}: 1097; Loss: -12265.8
Done with epoch {}: 1098; Loss: -12267
Done with epoch {}: 1099; Loss: -12268.1
Done with epoch {}: 1100; Loss: -12269.2
Done with epoch {}: 1101; Loss: -12270.3
Done with epoch {}: 1102; Loss: -12271.4
Done with epoch {}: 1103; Loss: -12272.4
Done with epoch {}: 1104; Loss: -12273.5
Done with epoch {}: 1105; Loss: -12274.5
Done with epoch {}: 1106; Loss: -12275.5
Done with epoch {}: 1107; Loss: -12276.4
Done with epoch {}: 1108; Loss: -12277.4
Done with epoch {}: 1109; Loss: -12278.3
Done with epoch {}: 1110; Loss: -12279.2
Done with epoch {}: 1111; Loss: -12280.1
Done with epoch {}: 1112; Loss: -12281
Done with epoch {}: 1113; Loss: -12281.9
Done with epoch {}: 1114; Loss: -12282.7
Done with epoch {}: 1115; Loss: -12283.6
Done with epoch {}: 1116; Loss: -12284.4
Done with epoch {}: 1117; Loss: -12285.2
Done with epoch {}: 1118; Loss: -12286
Done with epoch {}: 1119; Loss: -12286.8
Done with epoch {}: 1120; Loss: -12287.6
Done with epoch {}: 1121; Loss: -12288.3
Done with epoch {}: 1122; Loss: -12289.1
Done with epoch {}: 1123; Loss: -12289.8
Done with epoch {}: 1124; Loss: -12290.6
Done with epoch {}: 1125; Loss: -12291.3
Done with epoch {}: 1126; Loss: -12292
Done with epoch {}: 1127; Loss: -12292.7
Done with epoch {}: 1128; Loss: -12293.4
Done with epoch {}: 1129; Loss: -12294
Done with epoch {}: 1130; Loss: -12294.7
Done with epoch {}: 1131; Loss: -12295.4
Done with epoch {}: 1132; Loss: -12296
Done with epoch {}: 1133; Loss: -12296.7
Done with epoch {}: 1134; Loss: -12297.3
Done with epoch {}: 1135; Loss: -12297.9
Done with epoch {}: 1136; Loss: -12298.5
Done with epoch {}: 1137; Loss: -12299.2
Done with epoch {}: 1138; Loss: -12299.8
Done with epoch {}: 1139; Loss: -12300.3
Done with epoch {}: 1140; Loss: -12300.9
Done with epoch {}: 1141; Loss: -12301.5
Done with epoch {}: 1142; Loss: -12302.1
Done with epoch {}: 1143; Loss: -12302.7
Done with epoch {}: 1144; Loss: -12303.2
Done with epoch {}: 1145; Loss: -12303.8
Done with epoch {}: 1146; Loss: -12304.3
Done with epoch {}: 1147; Loss: -12304.8
Done with epoch {}: 1148; Loss: -12305.4
Done with epoch {}: 1149; Loss: -12305.9
Done with epoch {}: 1150; Loss: -12306.4
Done with epoch {}: 1151; Loss: -12306.9
Done with epoch {}: 1152; Loss: -12307.5
Done with epoch {}: 1153; Loss: -12308
Done with epoch {}: 1154; Loss: -12308.5
Done with epoch {}: 1155; Loss: -12308.9
Done with epoch {}: 1156; Loss: -12309.4
Done with epoch {}: 1157; Loss: -12309.9
Done with epoch {}: 1158; Loss: -12310.4
Done with epoch {}: 1159; Loss: -12310.9
Done with epoch {}: 1160; Loss: -12311.3
Done with epoch {}: 1161; Loss: -12311.8
Done with epoch {}: 1162; Loss: -12312.3
Done with epoch {}: 1163; Loss: -12312.7
Done with epoch {}: 1164; Loss: -12313.2
Done with epoch {}: 1165; Loss: -12313.6
Done with epoch {}: 1166; Loss: -12314
Done with epoch {}: 1167; Loss: -12314.5
Done with epoch {}: 1168; Loss: -12314.9
Done with epoch {}: 1169; Loss: -12315.3
Done with epoch {}: 1170; Loss: -12315.8
Done with epoch {}: 1171; Loss: -12316.2
Done with epoch {}: 1172; Loss: -12316.6
Done with epoch {}: 1173; Loss: -12317
Done with epoch {}: 1174; Loss: -12317.4
Done with epoch {}: 1175; Loss: -12317.8
Done with epoch {}: 1176; Loss: -12318.2
Done with epoch {}: 1177; Loss: -12318.6
Done with epoch {}: 1178; Loss: -12319
Done with epoch {}: 1179; Loss: -12319.4
Done with epoch {}: 1180; Loss: -12319.8
Done with epoch {}: 1181; Loss: -12320.2
Done with epoch {}: 1182; Loss: -12320.6
Done with epoch {}: 1183; Loss: -12320.9
Done with epoch {}: 1184; Loss: -12321.3
Done with epoch {}: 1185; Loss: -12321.7
Done with epoch {}: 1186; Loss: -12322
Done with epoch {}: 1187; Loss: -12322.4
Done with epoch {}: 1188; Loss: -12322.8
Done with epoch {}: 1189; Loss: -12323.1
Done with epoch {}: 1190; Loss: -12323.5
Done with epoch {}: 1191; Loss: -12323.8
Done with epoch {}: 1192; Loss: -12324.2
Done with epoch {}: 1193; Loss: -12324.5
Done with epoch {}: 1194; Loss: -12324.9
Done with epoch {}: 1195; Loss: -12325.2
Done with epoch {}: 1196; Loss: -12325.6
Done with epoch {}: 1197; Loss: -12325.9
Done with epoch {}: 1198; Loss: -12326.2
Done with epoch {}: 1199; Loss: -12326.6
Done with epoch {}: 1200; Loss: -12326.9
Done with epoch {}: 1201; Loss: -12327.2
Done with epoch {}: 1202; Loss: -12327.6
Done with epoch {}: 1203; Loss: -12327.9
Done with epoch {}: 1204; Loss: -12328.2
Done with epoch {}: 1205; Loss: -12328.5
Done with epoch {}: 1206; Loss: -12328.8
Done with epoch {}: 1207; Loss: -12329.1
Done with epoch {}: 1208; Loss: -12329.5
Done with epoch {}: 1209; Loss: -12329.8
Done with epoch {}: 1210; Loss: -12330.1
Done with epoch {}: 1211; Loss: -12330.4
Done with epoch {}: 1212; Loss: -12330.7
Done with epoch {}: 1213; Loss: -12331
Done with epoch {}: 1214; Loss: -12331.3
Done with epoch {}: 1215; Loss: -12331.6
Done with epoch {}: 1216; Loss: -12331.9
Done with epoch {}: 1217; Loss: -12332.2
Done with epoch {}: 1218; Loss: -12332.5
Done with epoch {}: 1219; Loss: -12332.8
Done with epoch {}: 1220; Loss: -12333
Done with epoch {}: 1221; Loss: -12333.3
Done with epoch {}: 1222; Loss: -12333.6
Done with epoch {}: 1223; Loss: -12333.9
Done with epoch {}: 1224; Loss: -12334.2
Done with epoch {}: 1225; Loss: -12334.5
Done with epoch {}: 1226; Loss: -12334.7
Done with epoch {}: 1227; Loss: -12335
Done with epoch {}: 1228; Loss: -12335.3
Done with epoch {}: 1229; Loss: -12335.6
Done with epoch {}: 1230; Loss: -12335.8
Done with epoch {}: 1231; Loss: -12336.1
Done with epoch {}: 1232; Loss: -12336.4
Done with epoch {}: 1233; Loss: -12336.6
Done with epoch {}: 1234; Loss: -12336.9
Done with epoch {}: 1235; Loss: -12337.2
Done with epoch {}: 1236; Loss: -12337.4
Done with epoch {}: 1237; Loss: -12337.7
Done with epoch {}: 1238; Loss: -12338
Done with epoch {}: 1239; Loss: -12338.2
Done with epoch {}: 1240; Loss: -12338.5
Done with epoch {}: 1241; Loss: -12338.7
Done with epoch {}: 1242; Loss: -12339
Done with epoch {}: 1243; Loss: -12339.2
Done with epoch {}: 1244; Loss: -12339.5
Done with epoch {}: 1245; Loss: -12339.8
Done with epoch {}: 1246; Loss: -12340
Done with epoch {}: 1247; Loss: -12340.3
Done with epoch {}: 1248; Loss: -12340.5
Done with epoch {}: 1249; Loss: -12340.7
Done with epoch {}: 1250; Loss: -12341
Done with epoch {}: 1251; Loss: -12341.2
Done with epoch {}: 1252; Loss: -12341.5
Done with epoch {}: 1253; Loss: -12341.7
Done with epoch {}: 1254; Loss: -12342
Done with epoch {}: 1255; Loss: -12342.2
Done with epoch {}: 1256; Loss: -12342.4
Done with epoch {}: 1257; Loss: -12342.7
Done with epoch {}: 1258; Loss: -12342.9
Done with epoch {}: 1259; Loss: -12343.2
Done with epoch {}: 1260; Loss: -12343.4
Done with epoch {}: 1261; Loss: -12343.6
Done with epoch {}: 1262; Loss: -12343.9
Done with epoch {}: 1263; Loss: -12344.1
Done with epoch {}: 1264; Loss: -12344.3
Done with epoch {}: 1265; Loss: -12344.5
Done with epoch {}: 1266; Loss: -12344.8
Done with epoch {}: 1267; Loss: -12345
Done with epoch {}: 1268; Loss: -12345.2
Done with epoch {}: 1269; Loss: -12345.5
Done with epoch {}: 1270; Loss: -12345.7
Done with epoch {}: 1271; Loss: -12345.9
Done with epoch {}: 1272; Loss: -12346.1
Done with epoch {}: 1273; Loss: -12346.4
Done with epoch {}: 1274; Loss: -12346.6
Done with epoch {}: 1275; Loss: -12346.8
Done with epoch {}: 1276; Loss: -12347
Done with epoch {}: 1277; Loss: -12347.2
Done with epoch {}: 1278; Loss: -12347.5
Done with epoch {}: 1279; Loss: -12347.7
Done with epoch {}: 1280; Loss: -12347.9
Done with epoch {}: 1281; Loss: -12348.1
Done with epoch {}: 1282; Loss: -12348.3
Done with epoch {}: 1283; Loss: -12348.5
Done with epoch {}: 1284; Loss: -12348.7
Done with epoch {}: 1285; Loss: -12349
Done with epoch {}: 1286; Loss: -12349.2
Done with epoch {}: 1287; Loss: -12349.4
Done with epoch {}: 1288; Loss: -12349.6
Done with epoch {}: 1289; Loss: -12349.8
Done with epoch {}: 1290; Loss: -12350
Done with epoch {}: 1291; Loss: -12350.2
Done with epoch {}: 1292; Loss: -12350.4
Done with epoch {}: 1293; Loss: -12350.6
Done with epoch {}: 1294; Loss: -12350.8
Done with epoch {}: 1295; Loss: -12351
Done with epoch {}: 1296; Loss: -12351.2
Done with epoch {}: 1297; Loss: -12351.5
Done with epoch {}: 1298; Loss: -12351.7
Done with epoch {}: 1299; Loss: -12351.9
Done with epoch {}: 1300; Loss: -12352.1
Done with epoch {}: 1301; Loss: -12352.3
Done with epoch {}: 1302; Loss: -12352.5
Done with epoch {}: 1303; Loss: -12352.7
Done with epoch {}: 1304; Loss: -12352.9
Done with epoch {}: 1305; Loss: -12353.1
Done with epoch {}: 1306; Loss: -12353.3
Done with epoch {}: 1307; Loss: -12353.5
Done with epoch {}: 1308; Loss: -12353.7
Done with epoch {}: 1309; Loss: -12353.9
Done with epoch {}: 1310; Loss: -12354
Done with epoch {}: 1311; Loss: -12354.2
Done with epoch {}: 1312; Loss: -12354.4
Done with epoch {}: 1313; Loss: -12354.6
Done with epoch {}: 1314; Loss: -12354.8
Done with epoch {}: 1315; Loss: -12355
Done with epoch {}: 1316; Loss: -12355.2
Done with epoch {}: 1317; Loss: -12355.4
Done with epoch {}: 1318; Loss: -12355.6
Done with epoch {}: 1319; Loss: -12355.8
Done with epoch {}: 1320; Loss: -12356
Done with epoch {}: 1321; Loss: -12356.2
Done with epoch {}: 1322; Loss: -12356.4
Done with epoch {}: 1323; Loss: -12356.5
Done with epoch {}: 1324; Loss: -12356.7
Done with epoch {}: 1325; Loss: -12356.9
Done with epoch {}: 1326; Loss: -12357.1
Done with epoch {}: 1327; Loss: -12357.3
Done with epoch {}: 1328; Loss: -12357.5
Done with epoch {}: 1329; Loss: -12357.7
Done with epoch {}: 1330; Loss: -12357.9
Done with epoch {}: 1331; Loss: -12358
Done with epoch {}: 1332; Loss: -12358.2
Done with epoch {}: 1333; Loss: -12358.4
Done with epoch {}: 1334; Loss: -12358.6
Done with epoch {}: 1335; Loss: -12358.8
Done with epoch {}: 1336; Loss: -12359
Done with epoch {}: 1337; Loss: -12359.1
Done with epoch {}: 1338; Loss: -12359.3
Done with epoch {}: 1339; Loss: -12359.5
Done with epoch {}: 1340; Loss: -12359.7
Done with epoch {}: 1341; Loss: -12359.9
Done with epoch {}: 1342; Loss: -12360
Done with epoch {}: 1343; Loss: -12360.2
Done with epoch {}: 1344; Loss: -12360.4
Done with epoch {}: 1345; Loss: -12360.6
Done with epoch {}: 1346; Loss: -12360.8
Done with epoch {}: 1347; Loss: -12360.9
Done with epoch {}: 1348; Loss: -12361.1
Done with epoch {}: 1349; Loss: -12361.3
Done with epoch {}: 1350; Loss: -12361.5
Done with epoch {}: 1351; Loss: -12361.6
Done with epoch {}: 1352; Loss: -12361.8
Done with epoch {}: 1353; Loss: -12362
Done with epoch {}: 1354; Loss: -12362.2
Done with epoch {}: 1355; Loss: -12362.3
Done with epoch {}: 1356; Loss: -12362.5
Done with epoch {}: 1357; Loss: -12362.7
Done with epoch {}: 1358; Loss: -12362.9
Done with epoch {}: 1359; Loss: -12363
Done with epoch {}: 1360; Loss: -12363.2
Done with epoch {}: 1361; Loss: -12363.4
Done with epoch {}: 1362; Loss: -12363.5
Done with epoch {}: 1363; Loss: -12363.7
Done with epoch {}: 1364; Loss: -12363.9
Done with epoch {}: 1365; Loss: -12364.1
Done with epoch {}: 1366; Loss: -12364.2
Done with epoch {}: 1367; Loss: -12364.4
Done with epoch {}: 1368; Loss: -12364.6
Done with epoch {}: 1369; Loss: -12364.7
Done with epoch {}: 1370; Loss: -12364.9
Done with epoch {}: 1371; Loss: -12365.1
Done with epoch {}: 1372; Loss: -12365.2
Done with epoch {}: 1373; Loss: -12365.4
Done with epoch {}: 1374; Loss: -12365.6
Done with epoch {}: 1375; Loss: -12365.7
Done with epoch {}: 1376; Loss: -12365.9
Done with epoch {}: 1377; Loss: -12366.1
Done with epoch {}: 1378; Loss: -12366.2
Done with epoch {}: 1379; Loss: -12366.4
Done with epoch {}: 1380; Loss: -12366.6
Done with epoch {}: 1381; Loss: -12366.7
Done with epoch {}: 1382; Loss: -12366.9
Done with epoch {}: 1383; Loss: -12367.1
Done with epoch {}: 1384; Loss: -12367.2
Done with epoch {}: 1385; Loss: -12367.4
Done with epoch {}: 1386; Loss: -12367.5
Done with epoch {}: 1387; Loss: -12367.7
Done with epoch {}: 1388; Loss: -12367.9
Done with epoch {}: 1389; Loss: -12368
Done with epoch {}: 1390; Loss: -12368.2
Done with epoch {}: 1391; Loss: -12368.4
Done with epoch {}: 1392; Loss: -12368.5
Done with epoch {}: 1393; Loss: -12368.7
Done with epoch {}: 1394; Loss: -12368.8
Done with epoch {}: 1395; Loss: -12369
Done with epoch {}: 1396; Loss: -12369.2
Done with epoch {}: 1397; Loss: -12369.3
Done with epoch {}: 1398; Loss: -12369.5
Done with epoch {}: 1399; Loss: -12369.6
Done with epoch {}: 1400; Loss: -12369.8
Done with epoch {}: 1401; Loss: -12370
Done with epoch {}: 1402; Loss: -12370.1
Done with epoch {}: 1403; Loss: -12370.3
Done with epoch {}: 1404; Loss: -12370.4
Done with epoch {}: 1405; Loss: -12370.6
Done with epoch {}: 1406; Loss: -12370.7
Done with epoch {}: 1407; Loss: -12370.9
Done with epoch {}: 1408; Loss: -12371.1
Done with epoch {}: 1409; Loss: -12371.2
Done with epoch {}: 1410; Loss: -12371.4
Done with epoch {}: 1411; Loss: -12371.5
Done with epoch {}: 1412; Loss: -12371.7
Done with epoch {}: 1413; Loss: -12371.8
Done with epoch {}: 1414; Loss: -12372
Done with epoch {}: 1415; Loss: -12372.1
Done with epoch {}: 1416; Loss: -12372.3
Done with epoch {}: 1417; Loss: -12372.4
Done with epoch {}: 1418; Loss: -12372.6
Done with epoch {}: 1419; Loss: -12372.8
Done with epoch {}: 1420; Loss: -12372.9
Done with epoch {}: 1421; Loss: -12373.1
Done with epoch {}: 1422; Loss: -12373.2
Done with epoch {}: 1423; Loss: -12373.4
Done with epoch {}: 1424; Loss: -12373.5
Done with epoch {}: 1425; Loss: -12373.7
Done with epoch {}: 1426; Loss: -12373.8
Done with epoch {}: 1427; Loss: -12374
Done with epoch {}: 1428; Loss: -12374.1
Done with epoch {}: 1429; Loss: -12374.3
Done with epoch {}: 1430; Loss: -12374.4
Done with epoch {}: 1431; Loss: -12374.6
Done with epoch {}: 1432; Loss: -12374.7
Done with epoch {}: 1433; Loss: -12374.9
Done with epoch {}: 1434; Loss: -12375
Done with epoch {}: 1435; Loss: -12375.2
Done with epoch {}: 1436; Loss: -12375.3
Done with epoch {}: 1437; Loss: -12375.5
Done with epoch {}: 1438; Loss: -12375.6
Done with epoch {}: 1439; Loss: -12375.8
Done with epoch {}: 1440; Loss: -12375.9
Done with epoch {}: 1441; Loss: -12376.1
Done with epoch {}: 1442; Loss: -12376.2
Done with epoch {}: 1443; Loss: -12376.3
Done with epoch {}: 1444; Loss: -12376.5
Done with epoch {}: 1445; Loss: -12376.6
Done with epoch {}: 1446; Loss: -12376.8
Done with epoch {}: 1447; Loss: -12376.9
Done with epoch {}: 1448; Loss: -12377.1
Done with epoch {}: 1449; Loss: -12377.2
Done with epoch {}: 1450; Loss: -12377.4
Done with epoch {}: 1451; Loss: -12377.5
Done with epoch {}: 1452; Loss: -12377.7
Done with epoch {}: 1453; Loss: -12377.8
Done with epoch {}: 1454; Loss: -12377.9
Done with epoch {}: 1455; Loss: -12378.1
Done with epoch {}: 1456; Loss: -12378.2
Done with epoch {}: 1457; Loss: -12378.4
Done with epoch {}: 1458; Loss: -12378.5
Done with epoch {}: 1459; Loss: -12378.7
Done with epoch {}: 1460; Loss: -12378.8
Done with epoch {}: 1461; Loss: -12379
Done with epoch {}: 1462; Loss: -12379.1
Done with epoch {}: 1463; Loss: -12379.2
Done with epoch {}: 1464; Loss: -12379.4
Done with epoch {}: 1465; Loss: -12379.5
Done with epoch {}: 1466; Loss: -12379.7
Done with epoch {}: 1467; Loss: -12379.8
Done with epoch {}: 1468; Loss: -12379.9
Done with epoch {}: 1469; Loss: -12380.1
Done with epoch {}: 1470; Loss: -12380.2
Done with epoch {}: 1471; Loss: -12380.4
Done with epoch {}: 1472; Loss: -12380.5
Done with epoch {}: 1473; Loss: -12380.6
Done with epoch {}: 1474; Loss: -12380.8
Done with epoch {}: 1475; Loss: -12380.9
Done with epoch {}: 1476; Loss: -12381.1
Done with epoch {}: 1477; Loss: -12381.2
Done with epoch {}: 1478; Loss: -12381.3
Done with epoch {}: 1479; Loss: -12381.5
Done with epoch {}: 1480; Loss: -12381.6
Done with epoch {}: 1481; Loss: -12381.8
Done with epoch {}: 1482; Loss: -12381.9
Done with epoch {}: 1483; Loss: -12382
Done with epoch {}: 1484; Loss: -12382.2
Done with epoch {}: 1485; Loss: -12382.3
Done with epoch {}: 1486; Loss: -12382.4
Done with epoch {}: 1487; Loss: -12382.6
Done with epoch {}: 1488; Loss: -12382.7
Done with epoch {}: 1489; Loss: -12382.9
Done with epoch {}: 1490; Loss: -12383
Done with epoch {}: 1491; Loss: -12383.1
Done with epoch {}: 1492; Loss: -12383.3
Done with epoch {}: 1493; Loss: -12383.4
Done with epoch {}: 1494; Loss: -12383.5
Done with epoch {}: 1495; Loss: -12383.7
Done with epoch {}: 1496; Loss: -12383.8
Done with epoch {}: 1497; Loss: -12383.9
Done with epoch {}: 1498; Loss: -12384.1
Done with epoch {}: 1499; Loss: -12384.2
Done with epoch {}: 1500; Loss: -12384.4
Done with epoch {}: 1501; Loss: -12384.5
Done with epoch {}: 1502; Loss: -12384.6
Done with epoch {}: 1503; Loss: -12384.8
Done with epoch {}: 1504; Loss: -12384.9
Done with epoch {}: 1505; Loss: -12385
Done with epoch {}: 1506; Loss: -12385.2
Done with epoch {}: 1507; Loss: -12385.3
Done with epoch {}: 1508; Loss: -12385.4
Done with epoch {}: 1509; Loss: -12385.6
Done with epoch {}: 1510; Loss: -12385.7
Done with epoch {}: 1511; Loss: -12385.8
Done with epoch {}: 1512; Loss: -12386
Done with epoch {}: 1513; Loss: -12386.1
Done with epoch {}: 1514; Loss: -12386.2
Done with epoch {}: 1515; Loss: -12386.4
Done with epoch {}: 1516; Loss: -12386.5
Done with epoch {}: 1517; Loss: -12386.6
Done with epoch {}: 1518; Loss: -12386.7
Done with epoch {}: 1519; Loss: -12386.9
Done with epoch {}: 1520; Loss: -12387
Done with epoch {}: 1521; Loss: -12387.1
Done with epoch {}: 1522; Loss: -12387.3
Done with epoch {}: 1523; Loss: -12387.4
Done with epoch {}: 1524; Loss: -12387.5
Done with epoch {}: 1525; Loss: -12387.7
Done with epoch {}: 1526; Loss: -12387.8
Done with epoch {}: 1527; Loss: -12387.9
Done with epoch {}: 1528; Loss: -12388
Done with epoch {}: 1529; Loss: -12388.2
Done with epoch {}: 1530; Loss: -12388.3
Done with epoch {}: 1531; Loss: -12388.4
Done with epoch {}: 1532; Loss: -12388.6
Done with epoch {}: 1533; Loss: -12388.7
Done with epoch {}: 1534; Loss: -12388.8
Done with epoch {}: 1535; Loss: -12389
Done with epoch {}: 1536; Loss: -12389.1
Done with epoch {}: 1537; Loss: -12389.2
Done with epoch {}: 1538; Loss: -12389.3
Done with epoch {}: 1539; Loss: -12389.5
Done with epoch {}: 1540; Loss: -12389.6
Done with epoch {}: 1541; Loss: -12389.7
Done with epoch {}: 1542; Loss: -12389.8
Done with epoch {}: 1543; Loss: -12390
Done with epoch {}: 1544; Loss: -12390.1
Done with epoch {}: 1545; Loss: -12390.2
Done with epoch {}: 1546; Loss: -12390.4
Done with epoch {}: 1547; Loss: -12390.5
Done with epoch {}: 1548; Loss: -12390.6
Done with epoch {}: 1549; Loss: -12390.7
Done with epoch {}: 1550; Loss: -12390.9
Done with epoch {}: 1551; Loss: -12391
Done with epoch {}: 1552; Loss: -12391.1
Done with epoch {}: 1553; Loss: -12391.2
Done with epoch {}: 1554; Loss: -12391.4
Done with epoch {}: 1555; Loss: -12391.5
Done with epoch {}: 1556; Loss: -12391.6
Done with epoch {}: 1557; Loss: -12391.7
Done with epoch {}: 1558; Loss: -12391.9
Done with epoch {}: 1559; Loss: -12392
Done with epoch {}: 1560; Loss: -12392.1
Done with epoch {}: 1561; Loss: -12392.2
Done with epoch {}: 1562; Loss: -12392.4
Done with epoch {}: 1563; Loss: -12392.5
Done with epoch {}: 1564; Loss: -12392.6
Done with epoch {}: 1565; Loss: -12392.7
Done with epoch {}: 1566; Loss: -12392.8
Done with epoch {}: 1567; Loss: -12393
Done with epoch {}: 1568; Loss: -12393.1
Done with epoch {}: 1569; Loss: -12393.2
Done with epoch {}: 1570; Loss: -12393.3
Done with epoch {}: 1571; Loss: -12393.5
Done with epoch {}: 1572; Loss: -12393.6
Done with epoch {}: 1573; Loss: -12393.7
Done with epoch {}: 1574; Loss: -12393.8
Done with epoch {}: 1575; Loss: -12394
Done with epoch {}: 1576; Loss: -12394.1
Done with epoch {}: 1577; Loss: -12394.2
Done with epoch {}: 1578; Loss: -12394.3
Done with epoch {}: 1579; Loss: -12394.4
Done with epoch {}: 1580; Loss: -12394.6
Done with epoch {}: 1581; Loss: -12394.7
Done with epoch {}: 1582; Loss: -12394.8
Done with epoch {}: 1583; Loss: -12394.9
Done with epoch {}: 1584; Loss: -12395
Done with epoch {}: 1585; Loss: -12395.2
Done with epoch {}: 1586; Loss: -12395.3
Done with epoch {}: 1587; Loss: -12395.4
Done with epoch {}: 1588; Loss: -12395.5
Done with epoch {}: 1589; Loss: -12395.6
Done with epoch {}: 1590; Loss: -12395.8
Done with epoch {}: 1591; Loss: -12395.9
Done with epoch {}: 1592; Loss: -12396
Done with epoch {}: 1593; Loss: -12396.1
Done with epoch {}: 1594; Loss: -12396.2
Done with epoch {}: 1595; Loss: -12396.4
Done with epoch {}: 1596; Loss: -12396.5
Done with epoch {}: 1597; Loss: -12396.6
Done with epoch {}: 1598; Loss: -12396.7
Done with epoch {}: 1599; Loss: -12396.8
Done with epoch {}: 1600; Loss: -12397
Done with epoch {}: 1601; Loss: -12397.1
Done with epoch {}: 1602; Loss: -12397.2
Done with epoch {}: 1603; Loss: -12397.3
Done with epoch {}: 1604; Loss: -12397.4
Done with epoch {}: 1605; Loss: -12397.5
Done with epoch {}: 1606; Loss: -12397.7
Done with epoch {}: 1607; Loss: -12397.8
Done with epoch {}: 1608; Loss: -12397.9
Done with epoch {}: 1609; Loss: -12398
Done with epoch {}: 1610; Loss: -12398.1
Done with epoch {}: 1611; Loss: -12398.2
Done with epoch {}: 1612; Loss: -12398.4
Done with epoch {}: 1613; Loss: -12398.5
Done with epoch {}: 1614; Loss: -12398.6
Done with epoch {}: 1615; Loss: -12398.7
Done with epoch {}: 1616; Loss: -12398.8
Done with epoch {}: 1617; Loss: -12398.9
Done with epoch {}: 1618; Loss: -12399.1
Done with epoch {}: 1619; Loss: -12399.2
Done with epoch {}: 1620; Loss: -12399.3
Done with epoch {}: 1621; Loss: -12399.4
Done with epoch {}: 1622; Loss: -12399.5
Done with epoch {}: 1623; Loss: -12399.6
Done with epoch {}: 1624; Loss: -12399.7
Done with epoch {}: 1625; Loss: -12399.9
Done with epoch {}: 1626; Loss: -12400
Done with epoch {}: 1627; Loss: -12400.1
Done with epoch {}: 1628; Loss: -12400.2
Done with epoch {}: 1629; Loss: -12400.3
Done with epoch {}: 1630; Loss: -12400.4
Done with epoch {}: 1631; Loss: -12400.5
Done with epoch {}: 1632; Loss: -12400.7
Done with epoch {}: 1633; Loss: -12400.8
Done with epoch {}: 1634; Loss: -12400.9
Done with epoch {}: 1635; Loss: -12401
Done with epoch {}: 1636; Loss: -12401.1
Done with epoch {}: 1637; Loss: -12401.2
Done with epoch {}: 1638; Loss: -12401.3
Done with epoch {}: 1639; Loss: -12401.5
Done with epoch {}: 1640; Loss: -12401.6
Done with epoch {}: 1641; Loss: -12401.7
Done with epoch {}: 1642; Loss: -12401.8
Done with epoch {}: 1643; Loss: -12401.9
Done with epoch {}: 1644; Loss: -12402
Done with epoch {}: 1645; Loss: -12402.1
Done with epoch {}: 1646; Loss: -12402.2
Done with epoch {}: 1647; Loss: -12402.4
Done with epoch {}: 1648; Loss: -12402.5
Done with epoch {}: 1649; Loss: -12402.6
Done with epoch {}: 1650; Loss: -12402.7
Done with epoch {}: 1651; Loss: -12402.8
Done with epoch {}: 1652; Loss: -12402.9
Done with epoch {}: 1653; Loss: -12403
Done with epoch {}: 1654; Loss: -12403.1
Done with epoch {}: 1655; Loss: -12403.2
Done with epoch {}: 1656; Loss: -12403.4
Done with epoch {}: 1657; Loss: -12403.5
Done with epoch {}: 1658; Loss: -12403.6
Done with epoch {}: 1659; Loss: -12403.7
Done with epoch {}: 1660; Loss: -12403.8
Done with epoch {}: 1661; Loss: -12403.9
Done with epoch {}: 1662; Loss: -12404
Done with epoch {}: 1663; Loss: -12404.1
Done with epoch {}: 1664; Loss: -12404.2
Done with epoch {}: 1665; Loss: -12404.3
Done with epoch {}: 1666; Loss: -12404.5
Done with epoch {}: 1667; Loss: -12404.6
Done with epoch {}: 1668; Loss: -12404.7
Done with epoch {}: 1669; Loss: -12404.8
Done with epoch {}: 1670; Loss: -12404.9
Done with epoch {}: 1671; Loss: -12405
Done with epoch {}: 1672; Loss: -12405.1
Done with epoch {}: 1673; Loss: -12405.2
Done with epoch {}: 1674; Loss: -12405.3
Done with epoch {}: 1675; Loss: -12405.4
Done with epoch {}: 1676; Loss: -12405.5
Done with epoch {}: 1677; Loss: -12405.7
Done with epoch {}: 1678; Loss: -12405.8
Done with epoch {}: 1679; Loss: -12405.9
Done with epoch {}: 1680; Loss: -12406
Done with epoch {}: 1681; Loss: -12406.1
Done with epoch {}: 1682; Loss: -12406.2
Done with epoch {}: 1683; Loss: -12406.3
Done with epoch {}: 1684; Loss: -12406.4
Done with epoch {}: 1685; Loss: -12406.5
Done with epoch {}: 1686; Loss: -12406.6
Done with epoch {}: 1687; Loss: -12406.7
Done with epoch {}: 1688; Loss: -12406.8
Done with epoch {}: 1689; Loss: -12406.9
Done with epoch {}: 1690; Loss: -12407
Done with epoch {}: 1691; Loss: -12407.2
Done with epoch {}: 1692; Loss: -12407.3
Done with epoch {}: 1693; Loss: -12407.4
Done with epoch {}: 1694; Loss: -12407.5
Done with epoch {}: 1695; Loss: -12407.6
Done with epoch {}: 1696; Loss: -12407.7
Done with epoch {}: 1697; Loss: -12407.8
Done with epoch {}: 1698; Loss: -12407.9
Done with epoch {}: 1699; Loss: -12408
Done with epoch {}: 1700; Loss: -12408.1
Done with epoch {}: 1701; Loss: -12408.2
Done with epoch {}: 1702; Loss: -12408.3
Done with epoch {}: 1703; Loss: -12408.4
Done with epoch {}: 1704; Loss: -12408.5
Done with epoch {}: 1705; Loss: -12408.6
Done with epoch {}: 1706; Loss: -12408.7
Done with epoch {}: 1707; Loss: -12408.8
Done with epoch {}: 1708; Loss: -12408.9
Done with epoch {}: 1709; Loss: -12409
Done with epoch {}: 1710; Loss: -12409.1
Done with epoch {}: 1711; Loss: -12409.2
Done with epoch {}: 1712; Loss: -12409.4
Done with epoch {}: 1713; Loss: -12409.5
Done with epoch {}: 1714; Loss: -12409.6
Done with epoch {}: 1715; Loss: -12409.7
Done with epoch {}: 1716; Loss: -12409.8
Done with epoch {}: 1717; Loss: -12409.9
Done with epoch {}: 1718; Loss: -12410
Done with epoch {}: 1719; Loss: -12410.1
Done with epoch {}: 1720; Loss: -12410.2
Done with epoch {}: 1721; Loss: -12410.3
Done with epoch {}: 1722; Loss: -12410.4
Done with epoch {}: 1723; Loss: -12410.5
Done with epoch {}: 1724; Loss: -12410.6
Done with epoch {}: 1725; Loss: -12410.7
Done with epoch {}: 1726; Loss: -12410.8
Done with epoch {}: 1727; Loss: -12410.9
Done with epoch {}: 1728; Loss: -12411
Done with epoch {}: 1729; Loss: -12411.1
Done with epoch {}: 1730; Loss: -12411.2
Done with epoch {}: 1731; Loss: -12411.3
Done with epoch {}: 1732; Loss: -12411.4
Done with epoch {}: 1733; Loss: -12411.5
Done with epoch {}: 1734; Loss: -12411.6
Done with epoch {}: 1735; Loss: -12411.7
Done with epoch {}: 1736; Loss: -12411.8
Done with epoch {}: 1737; Loss: -12411.9
Done with epoch {}: 1738; Loss: -12412
Done with epoch {}: 1739; Loss: -12412.1
Done with epoch {}: 1740; Loss: -12412.2
Done with epoch {}: 1741; Loss: -12412.3
Done with epoch {}: 1742; Loss: -12412.4
Done with epoch {}: 1743; Loss: -12412.5
Done with epoch {}: 1744; Loss: -12412.6
Done with epoch {}: 1745; Loss: -12412.7
Done with epoch {}: 1746; Loss: -12412.8
Done with epoch {}: 1747; Loss: -12412.9
Done with epoch {}: 1748; Loss: -12413
Done with epoch {}: 1749; Loss: -12413.1
Done with epoch {}: 1750; Loss: -12413.2
Done with epoch {}: 1751; Loss: -12413.3
Done with epoch {}: 1752; Loss: -12413.4
Done with epoch {}: 1753; Loss: -12413.5
Done with epoch {}: 1754; Loss: -12413.6
Done with epoch {}: 1755; Loss: -12413.7
Done with epoch {}: 1756; Loss: -12413.8
Done with epoch {}: 1757; Loss: -12413.9
Done with epoch {}: 1758; Loss: -12414
Done with epoch {}: 1759; Loss: -12414.1
Done with epoch {}: 1760; Loss: -12414.2
Done with epoch {}: 1761; Loss: -12414.3
Done with epoch {}: 1762; Loss: -12414.4
Done with epoch {}: 1763; Loss: -12414.5
Done with epoch {}: 1764; Loss: -12414.6
Done with epoch {}: 1765; Loss: -12414.7
Done with epoch {}: 1766; Loss: -12414.8
Done with epoch {}: 1767; Loss: -12414.9
Done with epoch {}: 1768; Loss: -12415
Done with epoch {}: 1769; Loss: -12415.1
Done with epoch {}: 1770; Loss: -12415.2
Done with epoch {}: 1771; Loss: -12415.3
Done with epoch {}: 1772; Loss: -12415.4
Done with epoch {}: 1773; Loss: -12415.5
Done with epoch {}: 1774; Loss: -12415.6
Done with epoch {}: 1775; Loss: -12415.7
Done with epoch {}: 1776; Loss: -12415.8
Done with epoch {}: 1777; Loss: -12415.9
Done with epoch {}: 1778; Loss: -12415.9
Done with epoch {}: 1779; Loss: -12416
Done with epoch {}: 1780; Loss: -12416.1
Done with epoch {}: 1781; Loss: -12416.2
Done with epoch {}: 1782; Loss: -12416.3
Done with epoch {}: 1783; Loss: -12416.4
Done with epoch {}: 1784; Loss: -12416.5
Done with epoch {}: 1785; Loss: -12416.6
Done with epoch {}: 1786; Loss: -12416.7
Done with epoch {}: 1787; Loss: -12416.8
Done with epoch {}: 1788; Loss: -12416.9
Done with epoch {}: 1789; Loss: -12417
Done with epoch {}: 1790; Loss: -12417.1
Done with epoch {}: 1791; Loss: -12417.2
Done with epoch {}: 1792; Loss: -12417.3
Done with epoch {}: 1793; Loss: -12417.4
Done with epoch {}: 1794; Loss: -12417.5
Done with epoch {}: 1795; Loss: -12417.6
Done with epoch {}: 1796; Loss: -12417.7
Done with epoch {}: 1797; Loss: -12417.8
Done with epoch {}: 1798; Loss: -12417.9
Done with epoch {}: 1799; Loss: -12417.9
Done with epoch {}: 1800; Loss: -12418
Done with epoch {}: 1801; Loss: -12418.1
Done with epoch {}: 1802; Loss: -12418.2
Done with epoch {}: 1803; Loss: -12418.3
Done with epoch {}: 1804; Loss: -12418.4
Done with epoch {}: 1805; Loss: -12418.5
Done with epoch {}: 1806; Loss: -12418.6
Done with epoch {}: 1807; Loss: -12418.7
Done with epoch {}: 1808; Loss: -12418.8
Done with epoch {}: 1809; Loss: -12418.9
Done with epoch {}: 1810; Loss: -12419
Done with epoch {}: 1811; Loss: -12419.1
Done with epoch {}: 1812; Loss: -12419.2
Done with epoch {}: 1813; Loss: -12419.3
Done with epoch {}: 1814; Loss: -12419.3
Done with epoch {}: 1815; Loss: -12419.4
Done with epoch {}: 1816; Loss: -12419.5
Done with epoch {}: 1817; Loss: -12419.6
Done with epoch {}: 1818; Loss: -12419.7
Done with epoch {}: 1819; Loss: -12419.8
Done with epoch {}: 1820; Loss: -12419.9
Done with epoch {}: 1821; Loss: -12420
Done with epoch {}: 1822; Loss: -12420.1
Done with epoch {}: 1823; Loss: -12420.2
Done with epoch {}: 1824; Loss: -12420.3
Done with epoch {}: 1825; Loss: -12420.4
Done with epoch {}: 1826; Loss: -12420.4
Done with epoch {}: 1827; Loss: -12420.5
Done with epoch {}: 1828; Loss: -12420.6
Done with epoch {}: 1829; Loss: -12420.7
Done with epoch {}: 1830; Loss: -12420.8
Done with epoch {}: 1831; Loss: -12420.9
Done with epoch {}: 1832; Loss: -12421
Done with epoch {}: 1833; Loss: -12421.1
Done with epoch {}: 1834; Loss: -12421.2
Done with epoch {}: 1835; Loss: -12421.3
Done with epoch {}: 1836; Loss: -12421.3
Done with epoch {}: 1837; Loss: -12421.4
Done with epoch {}: 1838; Loss: -12421.5
Done with epoch {}: 1839; Loss: -12421.6
Done with epoch {}: 1840; Loss: -12421.7
Done with epoch {}: 1841; Loss: -12421.8
Done with epoch {}: 1842; Loss: -12421.9
Done with epoch {}: 1843; Loss: -12422
Done with epoch {}: 1844; Loss: -12422.1
Done with epoch {}: 1845; Loss: -12422.2
Done with epoch {}: 1846; Loss: -12422.2
Done with epoch {}: 1847; Loss: -12422.3
Done with epoch {}: 1848; Loss: -12422.4
Done with epoch {}: 1849; Loss: -12422.5
Done with epoch {}: 1850; Loss: -12422.6
Done with epoch {}: 1851; Loss: -12422.7
Done with epoch {}: 1852; Loss: -12422.8
Done with epoch {}: 1853; Loss: -12422.9
Done with epoch {}: 1854; Loss: -12423
Done with epoch {}: 1855; Loss: -12423
Done with epoch {}: 1856; Loss: -12423.1
Done with epoch {}: 1857; Loss: -12423.2
Done with epoch {}: 1858; Loss: -12423.3
Done with epoch {}: 1859; Loss: -12423.4
Done with epoch {}: 1860; Loss: -12423.5
Done with epoch {}: 1861; Loss: -12423.6
Done with epoch {}: 1862; Loss: -12423.7
Done with epoch {}: 1863; Loss: -12423.7
Done with epoch {}: 1864; Loss: -12423.8
Done with epoch {}: 1865; Loss: -12423.9
Done with epoch {}: 1866; Loss: -12424
Done with epoch {}: 1867; Loss: -12424.1
Done with epoch {}: 1868; Loss: -12424.1
Done with epoch {}: 1869; Loss: -12424.2
Done with epoch {}: 1870; Loss: -12424.3
Done with epoch {}: 1871; Loss: -12424.4
Done with epoch {}: 1872; Loss: -12424.5
Done with epoch {}: 1873; Loss: -12424.6
Done with epoch {}: 1874; Loss: -12424.7
Done with epoch {}: 1875; Loss: -12424.8
Done with epoch {}: 1876; Loss: -12424.9
Done with epoch {}: 1877; Loss: -12425
Done with epoch {}: 1878; Loss: -12425
Done with epoch {}: 1879; Loss: -12425.1
Done with epoch {}: 1880; Loss: -12425.2
Done with epoch {}: 1881; Loss: -12425.3
Done with epoch {}: 1882; Loss: -12425.4
Done with epoch {}: 1883; Loss: -12425.5
Done with epoch {}: 1884; Loss: -12425.6
Done with epoch {}: 1885; Loss: -12425.6
Done with epoch {}: 1886; Loss: -12425.7
Done with epoch {}: 1887; Loss: -12425.8
Done with epoch {}: 1888; Loss: -12425.9
Done with epoch {}: 1889; Loss: -12426
Done with epoch {}: 1890; Loss: -12426.1
Done with epoch {}: 1891; Loss: -12426.1
Done with epoch {}: 1892; Loss: -12426.2
Done with epoch {}: 1893; Loss: -12426.3
Done with epoch {}: 1894; Loss: -12426.4
Done with epoch {}: 1895; Loss: -12426.5
Done with epoch {}: 1896; Loss: -12426.6
Done with epoch {}: 1897; Loss: -12426.7
Done with epoch {}: 1898; Loss: -12426.7
Done with epoch {}: 1899; Loss: -12426.8
Done with epoch {}: 1900; Loss: -12426.9
Done with epoch {}: 1901; Loss: -12427
Done with epoch {}: 1902; Loss: -12427.1
Done with epoch {}: 1903; Loss: -12427.2
Done with epoch {}: 1904; Loss: -12427.2
Done with epoch {}: 1905; Loss: -12427.3
Done with epoch {}: 1906; Loss: -12427.4
Done with epoch {}: 1907; Loss: -12427.5
Done with epoch {}: 1908; Loss: -12427.6
Done with epoch {}: 1909; Loss: -12427.7
Done with epoch {}: 1910; Loss: -12427.7
Done with epoch {}: 1911; Loss: -12427.8
Done with epoch {}: 1912; Loss: -12427.9
Done with epoch {}: 1913; Loss: -12428
Done with epoch {}: 1914; Loss: -12428.1
Done with epoch {}: 1915; Loss: -12428.1
Done with epoch {}: 1916; Loss: -12428.2
Done with epoch {}: 1917; Loss: -12428.3
Done with epoch {}: 1918; Loss: -12428.4
Done with epoch {}: 1919; Loss: -12428.5
Done with epoch {}: 1920; Loss: -12428.6
Done with epoch {}: 1921; Loss: -12428.6
Done with epoch {}: 1922; Loss: -12428.7
Done with epoch {}: 1923; Loss: -12428.8
Done with epoch {}: 1924; Loss: -12428.9
Done with epoch {}: 1925; Loss: -12429
Done with epoch {}: 1926; Loss: -12429
Done with epoch {}: 1927; Loss: -12429.1
Done with epoch {}: 1928; Loss: -12429.2
Done with epoch {}: 1929; Loss: -12429.3
Done with epoch {}: 1930; Loss: -12429.4
Done with epoch {}: 1931; Loss: -12429.4
Done with epoch {}: 1932; Loss: -12429.5
Done with epoch {}: 1933; Loss: -12429.6
Done with epoch {}: 1934; Loss: -12429.7
Done with epoch {}: 1935; Loss: -12429.8
Done with epoch {}: 1936; Loss: -12429.8
Done with epoch {}: 1937; Loss: -12429.9
Done with epoch {}: 1938; Loss: -12430
Done with epoch {}: 1939; Loss: -12430.1
Done with epoch {}: 1940; Loss: -12430.2
Done with epoch {}: 1941; Loss: -12430.3
Done with epoch {}: 1942; Loss: -12430.3
Done with epoch {}: 1943; Loss: -12430.4
Done with epoch {}: 1944; Loss: -12430.5
Done with epoch {}: 1945; Loss: -12430.6
Done with epoch {}: 1946; Loss: -12430.6
Done with epoch {}: 1947; Loss: -12430.7
Done with epoch {}: 1948; Loss: -12430.8
Done with epoch {}: 1949; Loss: -12430.9
Done with epoch {}: 1950; Loss: -12431
Done with epoch {}: 1951; Loss: -12431
Done with epoch {}: 1952; Loss: -12431.1
Done with epoch {}: 1953; Loss: -12431.2
Done with epoch {}: 1954; Loss: -12431.3
Done with epoch {}: 1955; Loss: -12431.4
Done with epoch {}: 1956; Loss: -12431.4
Done with epoch {}: 1957; Loss: -12431.5
Done with epoch {}: 1958; Loss: -12431.6
Done with epoch {}: 1959; Loss: -12431.7
Done with epoch {}: 1960; Loss: -12431.7
Done with epoch {}: 1961; Loss: -12431.8
Done with epoch {}: 1962; Loss: -12431.9
Done with epoch {}: 1963; Loss: -12431.9
Done with epoch {}: 1964; Loss: -12432
Done with epoch {}: 1965; Loss: -12432
Done with epoch {}: 1966; Loss: -12432.1
Done with epoch {}: 1967; Loss: -12432.1
Done with epoch {}: 1968; Loss: -12432.1
Done with epoch {}: 1969; Loss: -12432.1
Done with epoch {}: 1970; Loss: -12432
Done with epoch {}: 1971; Loss: -12431.9
Done with epoch {}: 1972; Loss: -12431.8
Done with epoch {}: 1973; Loss: -12431.6
Done with epoch {}: 1974; Loss: -12431.5
Done with epoch {}: 1975; Loss: -12431.3
Done with epoch {}: 1976; Loss: -12431.3
Done with epoch {}: 1977; Loss: -12431.4
Done with epoch {}: 1978; Loss: -12431.8
Done with epoch {}: 1979; Loss: -12432.2
Done with epoch {}: 1980; Loss: -12432.7
Done with epoch {}: 1981; Loss: -12433.2
Done with epoch {}: 1982; Loss: -12433.4
Done with epoch {}: 1983; Loss: -12433.5
Done with epoch {}: 1984; Loss: -12433.4
Done with epoch {}: 1985; Loss: -12433.3
Done with epoch {}: 1986; Loss: -12433.2
Done with epoch {}: 1987; Loss: -12433.1
Done with epoch {}: 1988; Loss: -12433.2
Done with epoch {}: 1989; Loss: -12433.3
Done with epoch {}: 1990; Loss: -12433.5
Done with epoch {}: 1991; Loss: -12433.8
Done with epoch {}: 1992; Loss: -12434
Done with epoch {}: 1993; Loss: -12434.2
Done with epoch {}: 1994; Loss: -12434.3
Done with epoch {}: 1995; Loss: -12434.4
Done with epoch {}: 1996; Loss: -12434.4
Breaking at epoch {}: 1997; Loss: -12434.4
Final Returns loss: -16212.7
[ MPSFloatType{} ]
Final RV loss: 3778.28
[ MPSFloatType{} ]
Final loss: -12434.4
[ MPSFloatType{} ]
omega: 0.873068
[ MPSFloatType{} ]
beta: 0.973033
[ MPSFloatType{} ]
phi: 1.05487
[ MPSFloatType{} ]
sigma: 0.513862
[ MPSFloatType{} ]
lamda: 0.0298622
[ MPSFloatType{} ]
gamma: 0.275364
[ MPSFloatType{} ]
xi: -0.833623
[ MPSFloatType{} ]
d1: -0.695116
[ MPSFloatType{} ]
d2: 2.72577
[ MPSFloatType{} ]
t1: -0.953818
[ MPSFloatType{} ]
t2: 1.07939
[ MPSFloatType{} ]
w: 0.291556
[ MPSFloatType{} ]
m: 0.00103855
[ MPSFloatType{} ]
h: 3.34355
[ MPSFloatType{} ]